#
# There is insufficient memory for the Java Runtime Environment to continue.
# Native memory allocation (mmap) failed to map 134217728 bytes for G1 virtual space
# Possible reasons:
#   The system is out of physical RAM or swap space
#   The process is running with CompressedOops enabled, and the Java Heap may be blocking the growth of the native heap
# Possible solutions:
#   Reduce memory load on the system
#   Increase physical memory or swap space
#   Check if swap backing store is full
#   Decrease Java heap size (-Xmx/-Xms)
#   Decrease number of Java threads
#   Decrease Java thread stack sizes (-Xss)
#   Set larger code cache with -XX:ReservedCodeCacheSize=
#   JVM is running with Unscaled Compressed Oops mode in which the Java heap is
#     placed in the first 4GB address space. The Java Heap base address is the
#     maximum limit for the native heap growth. Please use -XX:HeapBaseMinAddress
#     to set the Java Heap base and to place the Java Heap above 4GB virtual address.
# This output file may be truncated or incomplete.
#
#  Out of Memory Error (os_windows.cpp:3753), pid=6892, tid=6284
#
# JRE version:  (17.0.4.1+7) (build )
# Java VM: OpenJDK 64-Bit Server VM (17.0.4.1+7-b469.62, mixed mode, sharing, tiered, compressed oops, compressed class ptrs, g1 gc, windows-amd64)
# No core dump will be written. Minidumps are not enabled by default on client versions of Windows
#

---------------  S U M M A R Y ------------

Command Line: git4idea.http.GitAskPassApp Username for 'https://github.com': 

Host: Intel(R) Pentium(R) CPU 3825U @ 1.90GHz, 4 cores, 7G,  Windows 7 , 64 bit Build 7601 (6.1.7601.24565)
Time: Sat Dec 17 01:10:00 2022 Романское время (зима) elapsed time: 0.019350 seconds (0d 0h 0m 0s)

---------------  T H R E A D  ---------------

Current thread (0x0000000000552400):  JavaThread "Unknown thread" [_thread_in_vm, id=6284, stack(0x0000000002300000,0x0000000002400000)]

Stack: [0x0000000002300000,0x0000000002400000]
Native frames: (J=compiled Java code, j=interpreted, Vv=VM code, C=native code)
V  [jvm.dll+0x68356a]
V  [jvm.dll+0x83fab4]
V  [jvm.dll+0x84125e]
V  [jvm.dll+0x8418c3]
V  [jvm.dll+0x249735]
V  [jvm.dll+0x680439]
V  [jvm.dll+0x674a7a]
V  [jvm.dll+0x30956b]
V  [jvm.dll+0x310a26]
V  [jvm.dll+0x36089e]
V  [jvm.dll+0x360acf]
V  [jvm.dll+0x2df658]
V  [jvm.dll+0x2e05c4]
V  [jvm.dll+0x8112a1]
V  [jvm.dll+0x36e6f1]
V  [jvm.dll+0x7f076c]
V  [jvm.dll+0x3f180f]
V  [jvm.dll+0x3f3351]
C  [jli.dll+0x526b]
C  [ucrtbase.DLL+0x1cab0]
C  [kernel32.dll+0x155dd]
C  [ntdll.dll+0x52b1d]


---------------  P R O C E S S  ---------------

Threads class SMR info:
_java_thread_list=0x000007feee0a7f58, length=0, elements={
}

Java Threads: ( => current thread )

Other Threads:
  0x00000000005b5d90 GCTaskThread "GC Thread#0" [stack: 0x000000001a2c0000,0x000000001a3c0000] [id=8432]
  0x000000001a3c7f80 ConcurrentGCThread "G1 Main Marker" [stack: 0x000000001a4d0000,0x000000001a5d0000] [id=6392]
  0x000000001a3c91b0 ConcurrentGCThread "G1 Conc#0" [stack: 0x000000001a6e0000,0x000000001a7e0000] [id=10052]

[error occurred during error reporting (printing all threads), id 0xc0000005, EXCEPTION_ACCESS_VIOLATION (0xc0000005) at pc=0x000007feed860217]

VM state: not at safepoint (not fully initialized)

VM Mutex/Monitor currently owned by a thread:  ([mutex/lock_event])
[0x000000000054cae0] Heap_lock - owner thread: 0x0000000000552400

Heap address: 0x0000000081200000, size: 2030 MB, Compressed Oops mode: 32-bit

CDS archive(s) mapped at: [0x0000000000000000-0x0000000000000000-0x0000000000000000), size 0, SharedBaseAddress: 0x0000000800000000, ArchiveRelocationMode: 0.
Narrow klass base: 0x0000000000000000, Narrow klass shift: 0, Narrow klass range: 0x0

GC Precious Log:
<Empty>

Heap:
 garbage-first heap   total 0K, used 0K [0x0000000081200000, 0x0000000100000000)
  region size 1024K, 0 young (0K), 0 survivors (0K)

[error occurred during error reporting (printing heap information), id 0xc0000005, EXCEPTION_ACCESS_VIOLATION (0xc0000005) at pc=0x000007feedc4d1f9]

GC Heap History (0 events):
No events

Deoptimization events (0 events):
No events

Classes unloaded (0 events):
No events

Classes redefined (0 events):
No events

Internal exceptions (0 events):
No events

VM Operations (0 events):
No events

Events (1 events):
Event: 0.010 Loaded shared library C:\Program Files\JetBrains\IntelliJ IDEA Community Edition 2022.2.3\jbr\bin\java.dll


Dynamic libraries:
0x000000013ffa0000 - 0x000000013ffaa000 	C:\Program Files\JetBrains\IntelliJ IDEA Community Edition 2022.2.3\jbr\bin\java.exe
0x0000000077880000 - 0x0000000077a1f000 	C:\Windows\SYSTEM32\ntdll.dll
0x0000000077760000 - 0x0000000077880000 	C:\Windows\system32\kernel32.dll
0x000007fefd660000 - 0x000007fefd6c7000 	C:\Windows\system32\KERNELBASE.dll
0x000007feebb50000 - 0x000007feebb67000 	C:\Program Files\JetBrains\IntelliJ IDEA Community Edition 2022.2.3\jbr\bin\jli.dll
0x000007fefbd70000 - 0x000007fefbf65000 	C:\Windows\WinSxS\amd64_microsoft.windows.common-controls_6595b64144ccf1df_6.0.7601.24483_none_e372d88f30fbb845\COMCTL32.dll
0x000007fefda60000 - 0x000007fefdaff000 	C:\Windows\system32\msvcrt.dll
0x000007feff740000 - 0x000007feff7a8000 	C:\Windows\system32\GDI32.dll
0x0000000077660000 - 0x000000007775b000 	C:\Windows\system32\USER32.dll
0x000007fefdb20000 - 0x000007fefdb2e000 	C:\Windows\system32\LPK.dll
0x000007fefe550000 - 0x000007fefe61b000 	C:\Windows\system32\USP10.dll
0x000007fefd790000 - 0x000007fefd801000 	C:\Windows\system32\SHLWAPI.dll
0x000007feeb050000 - 0x000007feeb06b000 	C:\Program Files\JetBrains\IntelliJ IDEA Community Edition 2022.2.3\jbr\bin\VCRUNTIME140.dll
0x000007feee8b0000 - 0x000007feee8b4000 	C:\Program Files\JetBrains\IntelliJ IDEA Community Edition 2022.2.3\jbr\bin\api-ms-win-crt-runtime-l1-1-0.dll
0x000007fee9c30000 - 0x000007fee9d25000 	C:\Program Files\JetBrains\IntelliJ IDEA Community Edition 2022.2.3\jbr\bin\ucrtbase.DLL
0x000007feee700000 - 0x000007feee703000 	C:\Program Files\JetBrains\IntelliJ IDEA Community Edition 2022.2.3\jbr\bin\api-ms-win-core-timezone-l1-1-0.dll
0x000007feee1e0000 - 0x000007feee1e3000 	C:\Program Files\JetBrains\IntelliJ IDEA Community Edition 2022.2.3\jbr\bin\api-ms-win-core-file-l2-1-0.dll
0x000007feebb40000 - 0x000007feebb43000 	C:\Program Files\JetBrains\IntelliJ IDEA Community Edition 2022.2.3\jbr\bin\api-ms-win-core-localization-l1-2-0.dll
0x000007feeb040000 - 0x000007feeb043000 	C:\Program Files\JetBrains\IntelliJ IDEA Community Edition 2022.2.3\jbr\bin\api-ms-win-core-synch-l1-2-0.dll
0x000007feeb030000 - 0x000007feeb033000 	C:\Program Files\JetBrains\IntelliJ IDEA Community Edition 2022.2.3\jbr\bin\api-ms-win-core-processthreads-l1-1-1.dll
0x000007feeb020000 - 0x000007feeb023000 	C:\Program Files\JetBrains\IntelliJ IDEA Community Edition 2022.2.3\jbr\bin\api-ms-win-core-file-l1-2-0.dll
0x000007feeb010000 - 0x000007feeb013000 	C:\Program Files\JetBrains\IntelliJ IDEA Community Edition 2022.2.3\jbr\bin\api-ms-win-crt-heap-l1-1-0.dll
0x000007fee9c20000 - 0x000007fee9c24000 	C:\Program Files\JetBrains\IntelliJ IDEA Community Edition 2022.2.3\jbr\bin\api-ms-win-crt-string-l1-1-0.dll
0x000007fee9c10000 - 0x000007fee9c14000 	C:\Program Files\JetBrains\IntelliJ IDEA Community Edition 2022.2.3\jbr\bin\api-ms-win-crt-stdio-l1-1-0.dll
0x000007fee9c00000 - 0x000007fee9c04000 	C:\Program Files\JetBrains\IntelliJ IDEA Community Edition 2022.2.3\jbr\bin\api-ms-win-crt-convert-l1-1-0.dll
0x000007fee9bf0000 - 0x000007fee9bf3000 	C:\Program Files\JetBrains\IntelliJ IDEA Community Edition 2022.2.3\jbr\bin\api-ms-win-crt-environment-l1-1-0.dll
0x000007fee9be0000 - 0x000007fee9be3000 	C:\Program Files\JetBrains\IntelliJ IDEA Community Edition 2022.2.3\jbr\bin\api-ms-win-crt-filesystem-l1-1-0.dll
0x000007fee9bd0000 - 0x000007fee9bd5000 	C:\Program Files\JetBrains\IntelliJ IDEA Community Edition 2022.2.3\jbr\bin\api-ms-win-crt-math-l1-1-0.dll
0x000007fee9bc0000 - 0x000007fee9bc3000 	C:\Program Files\JetBrains\IntelliJ IDEA Community Edition 2022.2.3\jbr\bin\api-ms-win-crt-locale-l1-1-0.dll
0x000007feff7b0000 - 0x000007feff7de000 	C:\Windows\system32\IMM32.DLL
0x000007fefd8f0000 - 0x000007fefd9fb000 	C:\Windows\system32\MSCTF.dll
0x0000000073d00000 - 0x0000000073d0c000 	C:\??\C:\Program Files (x86)\360\Total Security\safemon\SafeWrapper.dll
0x000007fefd810000 - 0x000007fefd8eb000 	C:\Windows\system32\ADVAPI32.dll
0x000007fefe620000 - 0x000007fefe63f000 	C:\Windows\SYSTEM32\sechost.dll
0x000007feff860000 - 0x000007feff98c000 	C:\Windows\system32\RPCRT4.dll
0x000007feecd00000 - 0x000007feecd92000 	C:\Program Files (x86)\360\Total Security\safemon\libzdtp64.dll
0x000007fefe910000 - 0x000007feff69b000 	C:\Windows\system32\SHELL32.dll
0x000007fefced0000 - 0x000007fefcedc000 	C:\Windows\system32\VERSION.dll
0x000007fee9bb0000 - 0x000007fee9bbc000 	C:\Program Files\JetBrains\IntelliJ IDEA Community Edition 2022.2.3\jbr\bin\vcruntime140_1.dll
0x000007fee9b20000 - 0x000007fee9bad000 	C:\Program Files\JetBrains\IntelliJ IDEA Community Edition 2022.2.3\jbr\bin\msvcp140.dll
0x000007fee9b10000 - 0x000007fee9b13000 	C:\Program Files\JetBrains\IntelliJ IDEA Community Edition 2022.2.3\jbr\bin\api-ms-win-crt-time-l1-1-0.dll
0x000007fee9b00000 - 0x000007fee9b03000 	C:\Program Files\JetBrains\IntelliJ IDEA Community Edition 2022.2.3\jbr\bin\api-ms-win-crt-utility-l1-1-0.dll
0x000007feed570000 - 0x000007feee1d9000 	C:\Program Files\JetBrains\IntelliJ IDEA Community Edition 2022.2.3\jbr\bin\server\jvm.dll
0x000007fefaee0000 - 0x000007fefaee9000 	C:\Windows\system32\WSOCK32.dll
0x000007fefe4f0000 - 0x000007fefe53d000 	C:\Windows\system32\WS2_32.dll
0x000007fefe540000 - 0x000007fefe548000 	C:\Windows\system32\NSI.dll
0x000007fef6a40000 - 0x000007fef6a7b000 	C:\Windows\system32\WINMM.dll
0x0000000077a30000 - 0x0000000077a37000 	C:\Windows\system32\PSAPI.DLL
0x000007fef7360000 - 0x000007fef736a000 	C:\Program Files\JetBrains\IntelliJ IDEA Community Edition 2022.2.3\jbr\bin\jimage.dll
0x000007fef6850000 - 0x000007fef6975000 	C:\Windows\system32\DBGHELP.DLL
0x000007fef0980000 - 0x000007fef09a5000 	C:\Program Files\JetBrains\IntelliJ IDEA Community Edition 2022.2.3\jbr\bin\java.dll

dbghelp: loaded successfully - version: 4.0.5 - missing functions: none
symbol engine: initialized successfully - sym options: 0x614 - pdb path: .;C:\Program Files\JetBrains\IntelliJ IDEA Community Edition 2022.2.3\jbr\bin;C:\Windows\SYSTEM32;C:\Windows\WinSxS\amd64_microsoft.windows.common-controls_6595b64144ccf1df_6.0.7601.24483_none_e372d88f30fbb845;C:\??\C:\Program Files (x86)\360\Total Security\safemon;C:\Program Files (x86)\360\Total Security\safemon;C:\Program Files\JetBrains\IntelliJ IDEA Community Edition 2022.2.3\jbr\bin\server

VM Arguments:
java_command: git4idea.http.GitAskPassApp Username for 'https://github.com': 
java_class_path (initial): C:/Program Files/JetBrains/IntelliJ IDEA Community Edition 2022.2.3/plugins/git4idea/lib/git4idea-rt.jar;C:/Program Files/JetBrains/IntelliJ IDEA Community Edition 2022.2.3/lib/externalProcess-rt.jar;C:/Program Files/JetBrains/IntelliJ IDEA Community Edition 2022.2.3/lib/app.jar;C:/Program Files/JetBrains/IntelliJ IDEA Community Edition 2022.2.3/lib/3rd-party-rt.jar
Launcher Type: SUN_STANDARD

[Global flags]
     intx CICompilerCount                          = 3                                         {product} {ergonomic}
     uint ConcGCThreads                            = 1                                         {product} {ergonomic}
     uint G1ConcRefinementThreads                  = 4                                         {product} {ergonomic}
   size_t G1HeapRegionSize                         = 1048576                                   {product} {ergonomic}
    uintx GCDrainStackTargetSize                   = 64                                        {product} {ergonomic}
   size_t InitialHeapSize                          = 134217728                                 {product} {ergonomic}
   size_t MarkStackSize                            = 4194304                                   {product} {ergonomic}
   size_t MaxHeapSize                              = 2128609280                                {product} {ergonomic}
   size_t MinHeapDeltaBytes                        = 1048576                                   {product} {ergonomic}
   size_t MinHeapSize                              = 8388608                                   {product} {ergonomic}
    uintx NonNMethodCodeHeapSize                   = 5832780                                {pd product} {ergonomic}
    uintx NonProfiledCodeHeapSize                  = 122912730                              {pd product} {ergonomic}
    uintx ProfiledCodeHeapSize                     = 122912730                              {pd product} {ergonomic}
    uintx ReservedCodeCacheSize                    = 251658240                              {pd product} {ergonomic}
     bool SegmentedCodeCache                       = true                                      {product} {ergonomic}
   size_t SoftMaxHeapSize                          = 2128609280                             {manageable} {ergonomic}
     bool UseCompressedClassPointers               = true                           {product lp64_product} {ergonomic}
     bool UseCompressedOops                        = true                           {product lp64_product} {ergonomic}
     bool UseG1GC                                  = true                                      {product} {ergonomic}
     bool UseLargePagesIndividualAllocation        = false                                  {pd product} {ergonomic}

Logging:
Log output configuration:
 #0: stdout all=warning uptime,level,tags
 #1: stderr all=off uptime,level,tags

Environment Variables:
PATH=C:/Program Files/Git/mingw64/libexec/git-core;C:/Program Files/Git/mingw64/libexec/git-core;C:\Program Files\Git\mingw64\bin;C:\Program Files\Git\usr\bin;C:\Users\User\bin;C:\Program Files\Common Files\Oracle\Java\javapath;C:\Program Files\Common Files\Microsoft Shared\Windows Live;C:\Windows\system32;C:\Windows;C:\Windows\System32\Wbem;C:\Windows\System32\WindowsPowerShell\v1.0\;C:\Program Files (x86)\National Instruments\Shared\LabVIEW CLI;C:\Program Files\Git\cmd;C:\Program Files\Common Files\Microsoft Shared\Windows Live
USERNAME=User
DISPLAY=:0.0
LC_ALL=en_US.UTF-8
TERM=cygwin
TMPDIR=C:\Users\User\AppData\Local\Temp
OS=Windows_NT
PROCESSOR_IDENTIFIER=Intel64 Family 6 Model 61 Stepping 4, GenuineIntel
TMP=C:\Users\User\AppData\Local\Temp
TEMP=C:\Users\User\AppData\Local\Temp



---------------  S Y S T E M  ---------------

OS:
 Windows 7 , 64 bit Build 7601 (6.1.7601.24565)
OS uptime: 0 days 0:50 hours

CPU: total 4 (initial active 4) (2 cores per cpu, 2 threads per core) family 6 model 61 stepping 4 microcode 0x0, cx8, cmov, fxsr, ht, mmx, 3dnowpref, sse, sse2, sse3, ssse3, sse4.1, sse4.2, popcnt, lzcnt, tsc, tscinvbit, erms, clmul, clflush

Memory: 4k page, system-wide physical 8112M (552M free)
TotalPageFile size 10158M (AvailPageFile size 25M)
current process WorkingSet (physical memory assigned to process): 11M, peak: 11M
current process commit charge ("private bytes"): 58M, peak: 185M

vm_info: OpenJDK 64-Bit Server VM (17.0.4.1+7-b469.62) for windows-amd64 JRE (17.0.4.1+7-b469.62), built on 2022-09-22 by "builduser" with MS VC++ 16.10 / 16.11 (VS2019)

END.
