#
# There is insufficient memory for the Java Runtime Environment to continue.
# Native memory allocation (mmap) failed to map 134217728 bytes for G1 virtual space
# Possible reasons:
#   The system is out of physical RAM or swap space
#   The process is running with CompressedOops enabled, and the Java Heap may be blocking the growth of the native heap
# Possible solutions:
#   Reduce memory load on the system
#   Increase physical memory or swap space
#   Check if swap backing store is full
#   Decrease Java heap size (-Xmx/-Xms)
#   Decrease number of Java threads
#   Decrease Java thread stack sizes (-Xss)
#   Set larger code cache with -XX:ReservedCodeCacheSize=
#   JVM is running with Unscaled Compressed Oops mode in which the Java heap is
#     placed in the first 4GB address space. The Java Heap base address is the
#     maximum limit for the native heap growth. Please use -XX:HeapBaseMinAddress
#     to set the Java Heap base and to place the Java Heap above 4GB virtual address.
# This output file may be truncated or incomplete.
#
#  Out of Memory Error (os_windows.cpp:3527), pid=9892, tid=1960
#
# JRE version:  (19.0.1+10) (build )
# Java VM: Java HotSpot(TM) 64-Bit Server VM (19.0.1+10-21, mixed mode, sharing, tiered, compressed oops, compressed class ptrs, g1 gc, windows-amd64)
# No core dump will be written. Minidumps are not enabled by default on client versions of Windows
#

---------------  S U M M A R Y ------------

Command Line: -javaagent:C:\Program Files\JetBrains\IntelliJ IDEA Community Edition 2022.2.3\lib\idea_rt.jar=60538:C:\Program Files\JetBrains\IntelliJ IDEA Community Edition 2022.2.3\bin -Dfile.encoding=UTF-8 -Dsun.stdout.encoding=UTF-8 -Dsun.stderr.encoding=UTF-8 io.proj3ct.KriptoKilkaBot.KriptoKilkaBotApplication

Host: Intel(R) Pentium(R) CPU 3825U @ 1.90GHz, 4 cores, 7G,  Windows 7 , 64 bit Build 7601 (6.1.7601.24565)
Time: Sat Dec 10 06:15:18 2022  Windows 7 , 64 bit Build 7601 (6.1.7601.24565) elapsed time: 0.044934 seconds (0d 0h 0m 0s)

---------------  T H R E A D  ---------------

Current thread (0x000000000056ee30):  JavaThread "Unknown thread" [_thread_in_vm, id=1960, stack(0x00000000022f0000,0x00000000023f0000)]

Stack: [0x00000000022f0000,0x00000000023f0000]
Native frames: (J=compiled Java code, j=interpreted, Vv=VM code, C=native code)
V  [jvm.dll+0x6ee8fa]
V  [jvm.dll+0x857a1e]
V  [jvm.dll+0x85940e]
V  [jvm.dll+0x859ac3]
V  [jvm.dll+0x28291f]
V  [jvm.dll+0x6eb6e9]
V  [jvm.dll+0x6e028a]
V  [jvm.dll+0x357136]
V  [jvm.dll+0x35eb96]
V  [jvm.dll+0x3b555e]
V  [jvm.dll+0x3b578f]
V  [jvm.dll+0x32c6ea]
V  [jvm.dll+0x32d59e]
V  [jvm.dll+0x821b20]
V  [jvm.dll+0x3c27c1]
V  [jvm.dll+0x8022f1]
V  [jvm.dll+0x44b30f]
V  [jvm.dll+0x44cc91]
C  [jli.dll+0x5287]
C  [ucrtbase.DLL+0x214c2]
C  [kernel32.dll+0x155dd]
C  [ntdll.dll+0x52b1d]


---------------  P R O C E S S  ---------------

Threads class SMR info:
_java_thread_list=0x000007feee1fd048, length=0, elements={
}

Java Threads: ( => current thread )

Other Threads:
  0x000000001e750c80 WorkerThread "GC Thread#0" [stack: 0x000000001e940000,0x000000001ea40000] [id=9424]
  0x00000000005bd6e0 ConcurrentGCThread "G1 Main Marker" [stack: 0x000000001eb30000,0x000000001ec30000] [id=9928]
  0x00000000005bef50 WorkerThread "G1 Conc#0" [stack: 0x000000001eca0000,0x000000001eda0000] [id=8388]

[error occurred during error reporting (printing all threads), id 0xc0000005, EXCEPTION_ACCESS_VIOLATION (0xc0000005) at pc=0x000007feed9bd127]

VM state: not at safepoint (not fully initialized)

VM Mutex/Monitor currently owned by a thread:  ([mutex/lock_event])
[0x000000000056a990] Heap_lock - owner thread: 0x000000000056ee30

Heap address: 0x0000000081200000, size: 2030 MB, Compressed Oops mode: 32-bit

CDS archive(s) mapped at: [0x0000000000000000-0x0000000000000000-0x0000000000000000), size 0, SharedBaseAddress: 0x0000000800000000, ArchiveRelocationMode: 0.
Narrow klass base: 0x0000000000000000, Narrow klass shift: 0, Narrow klass range: 0x0

GC Precious Log:
 CardTable entry size: 512
 Card Set container configuration: InlinePtr #cards 5 size 8 Array Of Cards #cards 12 size 40 Howl #buckets 4 coarsen threshold 1843 Howl Bitmap #cards 512 size 80 coarsen threshold 460 Card regions per heap region 1 cards per card region 2048

Heap:
 garbage-first heap   total 0K, used 0K [0x0000000081200000, 0x0000000100000000)
  region size 1024K, 0 young (0K), 0 survivors (0K)

[error occurred during error reporting (printing heap information), id 0xc0000005, EXCEPTION_ACCESS_VIOLATION (0xc0000005) at pc=0x000007feeddc6959]

GC Heap History (0 events):
No events

Dll operation events (1 events):
Event: 0.028 Loaded shared library C:\Program Files\Java\jdk-19\bin\java.dll

Deoptimization events (0 events):
No events

Classes loaded (0 events):
No events

Classes unloaded (0 events):
No events

Classes redefined (0 events):
No events

Internal exceptions (0 events):
No events

VM Operations (0 events):
No events

Events (0 events):
No events


Dynamic libraries:
0x000000013fa80000 - 0x000000013fa90000 	C:\Program Files\Java\jdk-19\bin\java.exe
0x0000000077c40000 - 0x0000000077ddf000 	C:\Windows\SYSTEM32\ntdll.dll
0x0000000077b20000 - 0x0000000077c40000 	C:\Windows\system32\kernel32.dll
0x000007fefd960000 - 0x000007fefd9c7000 	C:\Windows\system32\KERNELBASE.dll
0x000007fef65e0000 - 0x000007fef65f8000 	C:\Program Files\Java\jdk-19\bin\jli.dll
0x000007fefddd0000 - 0x000007fefdeab000 	C:\Windows\system32\ADVAPI32.dll
0x000007fefe590000 - 0x000007fefe62f000 	C:\Windows\system32\msvcrt.dll
0x000007fefdc60000 - 0x000007fefdc7f000 	C:\Windows\SYSTEM32\sechost.dll
0x000007feffe00000 - 0x000007fefff2c000 	C:\Windows\system32\RPCRT4.dll
0x000007fefc130000 - 0x000007fefc325000 	C:\Windows\WinSxS\amd64_microsoft.windows.common-controls_6595b64144ccf1df_6.0.7601.24483_none_e372d88f30fbb845\COMCTL32.dll
0x000007fefe370000 - 0x000007fefe3d8000 	C:\Windows\system32\GDI32.dll
0x0000000077a20000 - 0x0000000077b1b000 	C:\Windows\system32\USER32.dll
0x000007fefdd20000 - 0x000007fefdd2e000 	C:\Windows\system32\LPK.dll
0x000007feff5a0000 - 0x000007feff66b000 	C:\Windows\system32\USP10.dll
0x000007feff520000 - 0x000007feff591000 	C:\Windows\system32\SHLWAPI.dll
0x000007fefd2d0000 - 0x000007fefd2dc000 	C:\Windows\system32\VERSION.dll
0x000007fef65c0000 - 0x000007fef65db000 	C:\Program Files\Java\jdk-19\bin\VCRUNTIME140.dll
0x000007fef65b0000 - 0x000007fef65b4000 	C:\Program Files\Java\jdk-19\bin\api-ms-win-crt-runtime-l1-1-0.dll
0x000007feee550000 - 0x000007feee650000 	C:\Program Files\Java\jdk-19\bin\ucrtbase.DLL
0x000007fef65a0000 - 0x000007fef65a3000 	C:\Program Files\Java\jdk-19\bin\api-ms-win-core-localization-l1-2-0.dll
0x000007fef6590000 - 0x000007fef6593000 	C:\Program Files\Java\jdk-19\bin\api-ms-win-core-processthreads-l1-1-1.dll
0x000007fef6580000 - 0x000007fef6583000 	C:\Program Files\Java\jdk-19\bin\api-ms-win-core-file-l1-2-0.dll
0x000007feee540000 - 0x000007feee543000 	C:\Program Files\Java\jdk-19\bin\api-ms-win-core-timezone-l1-1-0.dll
0x000007feee530000 - 0x000007feee533000 	C:\Program Files\Java\jdk-19\bin\api-ms-win-core-file-l2-1-0.dll
0x000007feee520000 - 0x000007feee523000 	C:\Program Files\Java\jdk-19\bin\api-ms-win-core-synch-l1-2-0.dll
0x000007feee510000 - 0x000007feee513000 	C:\Program Files\Java\jdk-19\bin\api-ms-win-crt-heap-l1-1-0.dll
0x000007feee500000 - 0x000007feee504000 	C:\Program Files\Java\jdk-19\bin\api-ms-win-crt-string-l1-1-0.dll
0x000007feee4f0000 - 0x000007feee4f4000 	C:\Program Files\Java\jdk-19\bin\api-ms-win-crt-stdio-l1-1-0.dll
0x000007feee4e0000 - 0x000007feee4e4000 	C:\Program Files\Java\jdk-19\bin\api-ms-win-crt-convert-l1-1-0.dll
0x000007feee4d0000 - 0x000007feee4d3000 	C:\Program Files\Java\jdk-19\bin\api-ms-win-crt-environment-l1-1-0.dll
0x000007feee4c0000 - 0x000007feee4c3000 	C:\Program Files\Java\jdk-19\bin\api-ms-win-crt-filesystem-l1-1-0.dll
0x000007feee4b0000 - 0x000007feee4b5000 	C:\Program Files\Java\jdk-19\bin\api-ms-win-crt-math-l1-1-0.dll
0x000007feee4a0000 - 0x000007feee4a3000 	C:\Program Files\Java\jdk-19\bin\api-ms-win-crt-locale-l1-1-0.dll
0x000007feff670000 - 0x000007feff69e000 	C:\Windows\system32\IMM32.DLL
0x000007fefdb50000 - 0x000007fefdc5b000 	C:\Windows\system32\MSCTF.dll
0x00000000740c0000 - 0x00000000740cc000 	C:\??\C:\Program Files (x86)\360\Total Security\safemon\SafeWrapper.dll
0x000007feee3d0000 - 0x000007feee462000 	C:\Program Files (x86)\360\Total Security\safemon\libzdtp64.dll
0x000007fefe790000 - 0x000007feff51b000 	C:\Windows\system32\SHELL32.dll
0x000007feee490000 - 0x000007feee49c000 	C:\Program Files\Java\jdk-19\bin\vcruntime140_1.dll
0x000007feee340000 - 0x000007feee3ce000 	C:\Program Files\Java\jdk-19\bin\msvcp140.dll
0x000007feee480000 - 0x000007feee483000 	C:\Program Files\Java\jdk-19\bin\api-ms-win-crt-time-l1-1-0.dll
0x000007feee470000 - 0x000007feee473000 	C:\Program Files\Java\jdk-19\bin\api-ms-win-crt-utility-l1-1-0.dll
0x000007feed680000 - 0x000007feee340000 	C:\Program Files\Java\jdk-19\bin\server\jvm.dll
0x000007fefb310000 - 0x000007fefb319000 	C:\Windows\system32\WSOCK32.dll
0x000007feff8a0000 - 0x000007feff8ed000 	C:\Windows\system32\WS2_32.dll
0x000007fefe180000 - 0x000007fefe188000 	C:\Windows\system32\NSI.dll
0x000007fef6fd0000 - 0x000007fef700b000 	C:\Windows\system32\WINMM.dll
0x000007feed670000 - 0x000007feed67a000 	C:\Program Files\Java\jdk-19\bin\jimage.dll
0x000007fef6990000 - 0x000007fef6ab5000 	C:\Windows\system32\DBGHELP.DLL
0x000007fef9930000 - 0x000007fef993e000 	C:\Program Files\Java\jdk-19\bin\instrument.dll
0x000007feed640000 - 0x000007feed666000 	C:\Program Files\Java\jdk-19\bin\java.dll

dbghelp: loaded successfully - version: 4.0.5 - missing functions: none
symbol engine: initialized successfully - sym options: 0x614 - pdb path: .;C:\Program Files\Java\jdk-19\bin;C:\Windows\SYSTEM32;C:\Windows\WinSxS\amd64_microsoft.windows.common-controls_6595b64144ccf1df_6.0.7601.24483_none_e372d88f30fbb845;C:\??\C:\Program Files (x86)\360\Total Security\safemon;C:\Program Files (x86)\360\Total Security\safemon;C:\Program Files\Java\jdk-19\bin\server

VM Arguments:
jvm_args: -javaagent:C:\Program Files\JetBrains\IntelliJ IDEA Community Edition 2022.2.3\lib\idea_rt.jar=60538:C:\Program Files\JetBrains\IntelliJ IDEA Community Edition 2022.2.3\bin -Dfile.encoding=UTF-8 -Dsun.stdout.encoding=UTF-8 -Dsun.stderr.encoding=UTF-8 
java_command: io.proj3ct.KriptoKilkaBot.KriptoKilkaBotApplication
java_class_path (initial): C:\Users\User\Downloads\KriptoKilkaBot\target\classes;C:\Users\User\Downloads\apache-maven-3.8.6\maven-repository-metadata\src\test\java\org\apache\maven\artifact\repository\org\telegram\telegrambots\5.6.0\telegrambots-5.6.0.jar;C:\Users\User\Downloads\apache-maven-3.8.6\maven-repository-metadata\src\test\java\org\apache\maven\artifact\repository\org\telegram\telegrambots-meta\5.6.0\telegrambots-meta-5.6.0.jar;C:\Users\User\Downloads\apache-maven-3.8.6\maven-repository-metadata\src\test\java\org\apache\maven\artifact\repository\com\google\guava\guava\30.0-jre\guava-30.0-jre.jar;C:\Users\User\Downloads\apache-maven-3.8.6\maven-repository-metadata\src\test\java\org\apache\maven\artifact\repository\com\google\guava\failureaccess\1.0.1\failureaccess-1.0.1.jar;C:\Users\User\Downloads\apache-maven-3.8.6\maven-repository-metadata\src\test\java\org\apache\maven\artifact\repository\com\google\guava\listenablefuture\9999.0-empty-to-avoid-conflict-with-guava\listenablefuture-9999.0-empty-to-avoid-conflict-with-guava.jar;C:\Users\User\Downloads\apache-maven-3.8.6\maven-repository-metadata\src\test\java\org\apache\maven\artifact\repository\com\google\code\findbugs\jsr305\3.0.2\jsr305-3.0.2.jar;C:\Users\User\Downloads\apache-maven-3.8.6\maven-repository-metadata\src\test\java\org\apache\maven\artifact\repository\org\checkerframework\checker-qual\3.5.0\checker-qual-3.5.0.jar;C:\Users\User\Downloads\apache-maven-3.8.6\maven-repository-metadata\src\test\java\org\apache\maven\artifact\repository\com\google\errorprone\error_prone_annotations\2.3.4\error_prone_annotations-2.3.4.jar;C:\Users\User\Downloads\apache-maven-3.8.6\maven-repository-metadata\src\test\java\org\apache\maven\artifact\repository\com\google\j2objc\j2objc-annotations\1.3\j2objc-annotations-1.3.jar;C:\Users\User\Downloads\apache-maven-3.8.6\maven-repository-metadata\src\test\java\org\apache\maven\artifact\repository\com\fasterxml\jackson\core\jackson-annotations\2.13.4\jackson-annotations-2.13.4.jar;C:\Users\User\Downloads\apache-maven-3.8.6\maven-repository-metadata\src\test\java\org\apache\maven\artifact\repository\com\fasterxml\jackson\jaxrs\jackson-jaxrs-json-provider\2.13.4\jackson-jaxrs-json-provider-2.13.4.jar;C:\Users\User\Downloads\apache-maven-3.8.6\maven-repository-metadata\src\test\java\org\apache\maven\artifact\repository\com\fasterxml\jackson\jaxrs\jackson-jaxrs-base\2.13.4\jackson-jaxrs-base-2.13.4.jar;C:\Users\User\Downloads\apache-maven-3.8.6\maven-repository-metadata\src\test\java\org\apache\maven\artifact\repository\com\fasterxml\jackson\module\jackson-module-jaxb-annotations\2.13.4\jackson-module-jaxb-annotations-2.13.4.jar;C:\Users\User\Downloads\apache-maven-3.8.6\maven-repository-metadata\src\test\java\org\apache\maven\artifact\repository\com\fasterxml\jackson\core\jackson-core\2.13.4\jackson-core-2.13.4.jar;C:\Users\User\Downloads\apache-maven-3.8.6\maven-repository-metadata\src\test\java\org\apache\maven\artifact\repository\jakarta\activation\jakarta.activation-api\1.2.2\jakarta.activation-api-1.2.2.jar;C:\Users\User\Downloads\apache-maven-3.8.6\maven-repository-metadata\src\test\java\org\apache\maven\artifact\repository\com\fasterxml\jackson\core\jackson-databind\2.13.4.2\jackson-databind-2.13.4.2.jar;C:\Users\User\Downloads\apache-maven-3.8.6\maven-repository-metadata\src\test\java\org\apache\maven\artifact\repository\org\glassfish\jersey\inject\jersey-hk2\2.35\jersey-hk2-2.35.jar;C:\Users\User\Downloads\apache-maven-3.8.6\maven-repository-metadata\src\test\java\org\apache\maven\artifact\repository\org\glassfish\jersey\core\jersey-common\2.35\jersey-common-2.35.jar;C:\Users\User\Downloads\apache-maven-3.8.6\maven-repository-metadata\src\test\java\org\apache\maven\artifact\repository\org\glassfish\hk2\osgi-resource-locator\1.0.3\osgi-resource-locator-1.0.3.jar;C:\Users\User\Downloads\apache-maven-3.8.6\maven-repository-metadata\src\test\java\org\apache\maven\artifact\repository\org\glassfish\hk2\hk2-locator\2.6.1\hk2-locator-2.6.1.jar;C:\Users\User\Downloads\apache-maven-3.8.6\maven-repository-metadata\src\test\java\org\apache\maven\artifact\repository\org\glassfish\hk2\external\aopalliance-repackaged\2.6.1\aopalliance-repackaged-2.6.1.jar;C:\Users\User\Downloads\apache-maven-3.8.6\maven-repository-metadata\src\test\java\org\apache\maven\artifact\repository\org\glassfish\hk2\hk2-api\2.6.1\hk2-api-2.6.1.jar;C:\Users\User\Downloads\apache-maven-3.8.6\maven-repository-metadata\src\test\java\org\apache\maven\artifact\repository\org\glassfish\hk2\hk2-utils\2.6.1\hk2-utils-2.6.1.jar;C:\Users\User\Downloads\apache-maven-3.8.6\maven-repository-metadata\src\test\java\org\apache\maven\artifact\repository\org\javassist\javassist\3.25.0-GA\javassist-3.25.0-GA.jar;C:\Users\User\Downloads\apache-maven-3.8.6\maven-repository-metadata\src\test\java\org\apache\maven\artifact\repository\org\glassfish\jersey\media\jersey-media-json-jackson\2.35\jersey-media-json-jackson-2.35.jar;C:\Users\User\Downloads\apache-maven-3.8.6\maven-repository-metadata\src\test\java\org\apache\maven\artifact\repository\org\glassfish\jersey\ext\jersey-entity-filtering\2.35\jersey-entity-filtering-2.35.jar;C:\Users\User\Downloads\apache-maven-3.8.6\maven-repository-metadata\src\test\java\org\apache\maven\artifact\repository\org\glassfish\jersey\containers\jersey-container-grizzly2-http\2.35\jersey-container-grizzly2-http-2.35.jar;C:\Users\User\Downloads\apache-maven-3.8.6\maven-repository-metadata\src\test\java\org\apache\maven\artifact\repository\org\glassfish\hk2\external\jakarta.inject\2.6.1\jakarta.inject-2.6.1.jar;C:\Users\User\Downloads\apache-maven-3.8.6\maven-repository-metadata\src\test\java\org\apache\maven\artifact\repository\org\glassfish\grizzly\grizzly-http-server\2.4.4\grizzly-http-server-2.4.4.jar;C:\Users\User\Downloads\apache-maven-3.8.6\maven-repository-metadata\src\test\java\org\apache\maven\artifact\repository\org\glassfish\grizzly\grizzly-http\2.4.4\grizzly-http-2.4.4.jar;C:\Users\User\Downloads\apache-maven-3.8.6\maven-repository-metadata\src\test\java\org\apache\maven\artifact\repository\org\glassfish\grizzly\grizzly-framework\2.4.4\grizzly-framework-2.4.4.jar;C:\Users\User\Downloads\apache-maven-3.8.6\maven-repository-metadata\src\test\java\org\apache\maven\artifact\repository\jakarta\ws\rs\jakarta.ws.rs-api\2.1.6\jakarta.ws.rs-api-2.1.6.jar;C:\Users\User\Downloads\apache-maven-3.8.6\maven-repository-metadata\src\test\java\org\apache\maven\artifact\repository\org\glassfish\jersey\core\jersey-server\2.35\jersey-server-2.35.jar;C:\Users\User\Downloads\apache-maven-3.8.6\maven-repository-metadata\src\test\java\org\apache\maven\artifact\repository\org\glassfish\jersey\core\jersey-client\2.35\jersey-client-2.35.jar;C:\Users\User\Downloads\apache-maven-3.8.6\maven-repository-metadata\src\test\java\org\apache\maven\artifact\repository\jakarta\validation\jakarta.validation-api\2.0.2\jakarta.validation-api-2.0.2.jar;C:\Users\User\Downloads\apache-maven-3.8.6\maven-repository-metadata\src\test\java\org\apache\maven\artifact\repository\org\json\json\20180813\json-20180813.jar;C:\Users\User\Downloads\apache-maven-3.8.6\maven-repository-metadata\src\test\java\org\apache\maven\artifact\repository\org\apache\httpcomponents\httpclient\4.5.13\httpclient-4.5.13.jar;C:\Users\User\Downloads\apache-maven-3.8.6\maven-repository-metadata\src\test\java\org\apache\maven\artifact\repository\org\apache\httpcomponents\httpcore\4.4.15\httpcore-4.4.15.jar;C:\Users\User\Downloads\apache-maven-3.8.6\maven-repository-metadata\src\test\java\org\apache\maven\artifact\repository\commons-codec\commons-codec\1.15\commons-codec-1.15.jar;C:\Users\User\Downloads\apache-maven-3.8.6\maven-repository-metadata\src\test\java\org\apache\maven\artifact\repository\org\apache\httpcomponents\httpmime\4.5.13\httpmime-4.5.13.jar;C:\Users\User\Downloads\apache-maven-3.8.6\maven-repository-metadata\src\test\java\org\apache\maven\artifact\repository\commons-io\commons-io\2.8.0\commons-io-2.8.0.jar;C:\Users\User\Downloads\apache-maven-3.8.6\maven-repository-metadata\src\test\java\org\apache\maven\artifact\repository\org\slf4j\slf4j-api\1.7.36\slf4j-api-1.7.36.jar;C:\Users\User\Downloads\apache-maven-3.8.6\maven-repository-metadata\src\test\java\org\apache\maven\artifact\repository\org\springframework\boot\spring-boot-starter\2.7.6\spring-boot-starter-2.7.6.jar;C:\Users\User\Downloads\apache-maven-3.8.6\maven-repository-metadata\src\test\java\org\apache\maven\artifact\repository\org\springframework\boot\spring-boot\2.7.6\spring-boot-2.7.6.jar;C:\Users\User\Downloads\apache-maven-3.8.6\maven-repository-metadata\src\test\java\org\apache\maven\artifact\repository\org\springframework\spring-context\5.3.24\spring-context-5.3.24.jar;C:\Users\User\Downloads\apache-maven-3.8.6\maven-repository-metadata\src\test\java\org\apache\maven\artifact\repository\org\springframework\spring-aop\5.3.24\spring-aop-5.3.24.jar;C:\Users\User\Downloads\apache-maven-3.8.6\maven-repository-metadata\src\test\java\org\apache\maven\artifact\repository\org\springframework\spring-beans\5.3.24\spring-beans-5.3.24.jar;C:\Users\User\Downloads\apache-maven-3.8.6\maven-repository-metadata\src\test\java\org\apache\maven\artifact\repository\org\springframework\spring-expression\5.3.24\spring-expression-5.3.24.jar;C:\Users\User\Downloads\apache-maven-3.8.6\maven-repository-metadata\src\test\java\org\apache\maven\artifact\repository\org\springframework\boot\spring-boot-autoconfigure\2.7.6\spring-boot-autoconfigure-2.7.6.jar;C:\Users\User\Downloads\apache-maven-3.8.6\maven-repository-metadata\src\test\java\org\apache\maven\artifact\repository\org\springframework\boot\spring-boot-starter-logging\2.7.6\spring-boot-starter-logging-2.7.6.jar;C:\Users\User\Downloads\apache-maven-3.8.6\maven-repository-metadata\src\test\java\org\apache\maven\artifact\repository\ch\qos\logback\logback-classic\1.2.11\logback-classic-1.2.11.jar;C:\Users\User\Downloads\apache-maven-3.8.6\maven-repository-metadata\src\test\java\org\apache\maven\artifact\repository\ch\qos\logback\logback-core\1.2.11\logback-core-1.2.11.jar;C:\Users\User\Downloads\apache-maven-3.8.6\maven-repository-metadata\src\test\java\org\apache\maven\artifact\repository\org\apache\logging\log4j\log4j-to-slf4j\2.17.2\log4j-to-slf4j-2.17.2.jar;C:\Users\User\Downloads\apache-maven-3.8.6\maven-repository-metadata\src\test\java\org\apache\maven\artifact\repository\org\apache\logging\log4j\log4j-api\2.17.2\log4j-api-2.17.2.jar;C:\Users\User\Downloads\apache-maven-3.8.6\maven-repository-metadata\src\test\java\org\apache\maven\artifact\repository\org\slf4j\jul-to-slf4j\1.7.36\jul-to-slf4j-1.7.36.jar;C:\Users\User\Downloads\apache-maven-3.8.6\maven-repository-metadata\src\test\java\org\apache\maven\artifact\repository\jakarta\annotation\jakarta.annotation-api\1.3.5\jakarta.annotation-api-1.3.5.jar;C:\Users\User\Downloads\apache-maven-3.8.6\maven-repository-metadata\src\test\java\org\apache\maven\artifact\repository\org\springframework\spring-core\5.3.24\spring-core-5.3.24.jar;C:\Users\User\Downloads\apache-maven-3.8.6\maven-repository-metadata\src\test\java\org\apache\maven\artifact\repository\org\springframework\spring-jcl\5.3.24\spring-jcl-5.3.24.jar;C:\Users\User\Downloads\apache-maven-3.8.6\maven-repository-metadata\src\test\java\org\apache\maven\artifact\repository\org\yaml\snakeyaml\1.30\snakeyaml-1.30.jar;C:\Users\User\Downloads\apache-maven-3.8.6\maven-repository-metadata\src\test\java\org\apache\maven\artifact\repository\jakarta\xml\bind\jakarta.xml.bind-api\2.3.3\jakarta.xml.bind-api-2.3.3.jar;C:\Users\User\Downloads\apache-maven-3.8.6\maven-repository-metadata\src\test\java\org\apache\maven\artifact\repository\org\projectlombok\lombok\1.18.24\lombok-1.18.24.jar
Launcher Type: SUN_STANDARD

[Global flags]
     intx CICompilerCount                          = 3                                         {product} {ergonomic}
     uint ConcGCThreads                            = 1                                         {product} {ergonomic}
     uint G1ConcRefinementThreads                  = 4                                         {product} {ergonomic}
   size_t G1HeapRegionSize                         = 1048576                                   {product} {ergonomic}
    uintx GCDrainStackTargetSize                   = 64                                        {product} {ergonomic}
   size_t InitialHeapSize                          = 134217728                                 {product} {ergonomic}
   size_t MarkStackSize                            = 4194304                                   {product} {ergonomic}
   size_t MaxHeapSize                              = 2128609280                                {product} {ergonomic}
   size_t MinHeapDeltaBytes                        = 1048576                                   {product} {ergonomic}
   size_t MinHeapSize                              = 8388608                                   {product} {ergonomic}
    uintx NonNMethodCodeHeapSize                   = 5832780                                {pd product} {ergonomic}
    uintx NonProfiledCodeHeapSize                  = 122912730                              {pd product} {ergonomic}
    uintx ProfiledCodeHeapSize                     = 122912730                              {pd product} {ergonomic}
    uintx ReservedCodeCacheSize                    = 251658240                              {pd product} {ergonomic}
     bool SegmentedCodeCache                       = true                                      {product} {ergonomic}
   size_t SoftMaxHeapSize                          = 2128609280                             {manageable} {ergonomic}
     bool UseCompressedClassPointers               = true                           {product lp64_product} {ergonomic}
     bool UseCompressedOops                        = true                           {product lp64_product} {ergonomic}
     bool UseG1GC                                  = true                                      {product} {ergonomic}
     bool UseLargePagesIndividualAllocation        = false                                  {pd product} {ergonomic}

Logging:
Log output configuration:
 #0: stdout all=warning uptime,level,tags foldmultilines=false
 #1: stderr all=off uptime,level,tags foldmultilines=false

Environment Variables:
PATH=C:\Program Files\Common Files\Oracle\Java\javapath;C:\Program Files\Common Files\Microsoft Shared\Windows Live;C:\Windows\system32;C:\Windows;C:\Windows\System32\Wbem;C:\Windows\System32\WindowsPowerShell\v1.0\;C:\Program Files (x86)\National Instruments\Shared\LabVIEW CLI;C:\Program Files\Git\cmd;C:\Program Files\Common Files\Microsoft Shared\Windows Live
USERNAME=User
OS=Windows_NT
PROCESSOR_IDENTIFIER=Intel64 Family 6 Model 61 Stepping 4, GenuineIntel
TMP=C:\Users\User\AppData\Local\Temp
TEMP=C:\Users\User\AppData\Local\Temp



---------------  S Y S T E M  ---------------

OS:
 Windows 7 , 64 bit Build 7601 (6.1.7601.24565)
OS uptime: 0 days 2:00 hours

CPU: total 4 (initial active 4) (2 cores per cpu, 2 threads per core) family 6 model 61 stepping 4 microcode 0x0, cx8, cmov, fxsr, ht, mmx, 3dnowpref, sse, sse2, sse3, ssse3, sse4.1, sse4.2, popcnt, lzcnt, tsc, tscinvbit, erms, clmul, clflush, rdtscp

Memory: 4k page, system-wide physical 8112M (709M free)
TotalPageFile size 10158M (AvailPageFile size 25M)
current process WorkingSet (physical memory assigned to process): 11M, peak: 11M
current process commit charge ("private bytes"): 59M, peak: 185M

vm_info: Java HotSpot(TM) 64-Bit Server VM (19.0.1+10-21) for windows-amd64 JRE (19.0.1+10-21), built on 2022-09-14T12:45:06Z by "mach5one" with MS VC++ 17.1 (VS2022)

END.
