#
# There is insufficient memory for the Java Runtime Environment to continue.
# Native memory allocation (malloc) failed to allocate 49472 bytes for Chunk::new
# Possible reasons:
#   The system is out of physical RAM or swap space
#   The process is running with CompressedOops enabled, and the Java Heap may be blocking the growth of the native heap
# Possible solutions:
#   Reduce memory load on the system
#   Increase physical memory or swap space
#   Check if swap backing store is full
#   Decrease Java heap size (-Xmx/-Xms)
#   Decrease number of Java threads
#   Decrease Java thread stack sizes (-Xss)
#   Set larger code cache with -XX:ReservedCodeCacheSize=
#   JVM is running with Unscaled Compressed Oops mode in which the Java heap is
#     placed in the first 4GB address space. The Java Heap base address is the
#     maximum limit for the native heap growth. Please use -XX:HeapBaseMinAddress
#     to set the Java Heap base and to place the Java Heap above 4GB virtual address.
# This output file may be truncated or incomplete.
#
#  Out of Memory Error (arena.cpp:184), pid=8628, tid=2828
#
# JRE version: Java(TM) SE Runtime Environment (19.0.1+10) (build 19.0.1+10-21)
# Java VM: Java HotSpot(TM) 64-Bit Server VM (19.0.1+10-21, mixed mode, sharing, tiered, compressed oops, compressed class ptrs, g1 gc, windows-amd64)
# No core dump will be written. Minidumps are not enabled by default on client versions of Windows
#

---------------  S U M M A R Y ------------

Command Line: -javaagent:C:\Program Files\JetBrains\IntelliJ IDEA Community Edition 2022.2.3\lib\idea_rt.jar=53754:C:\Program Files\JetBrains\IntelliJ IDEA Community Edition 2022.2.3\bin -Dfile.encoding=UTF-8 -Dsun.stdout.encoding=UTF-8 -Dsun.stderr.encoding=UTF-8 io.proj3ct.KriptoKilkaBot.KriptoKilkaBotApplication

Host: Intel(R) Pentium(R) CPU 3825U @ 1.90GHz, 4 cores, 7G,  Windows 7 , 64 bit Build 7601 (6.1.7601.24565)
Time: Fri Dec 16 23:23:16 2022  Windows 7 , 64 bit Build 7601 (6.1.7601.24565) elapsed time: 6.116387 seconds (0d 0h 0m 6s)

---------------  T H R E A D  ---------------

Current thread (0x0000000028078a00):  JavaThread "C2 CompilerThread1" daemon [_thread_in_native, id=2828, stack(0x0000000029010000,0x0000000029110000)]


Current CompileTask:
C2:   6116 2200       4       java.util.HashMap::put (13 bytes)

Stack: [0x0000000029010000,0x0000000029110000]
Native frames: (J=compiled Java code, j=interpreted, Vv=VM code, C=native code)
V  [jvm.dll+0x6ee8fa]
V  [jvm.dll+0x857a1e]
V  [jvm.dll+0x85940e]
V  [jvm.dll+0x859ac3]
V  [jvm.dll+0x28291f]
V  [jvm.dll+0xc9b5f]
V  [jvm.dll+0xc9ee5]
V  [jvm.dll+0x3bcbac]
V  [jvm.dll+0x1eddb4]
V  [jvm.dll+0x24c41b]
V  [jvm.dll+0x24b671]
V  [jvm.dll+0x1d6d61]
V  [jvm.dll+0x25b0fa]
V  [jvm.dll+0x259588]
V  [jvm.dll+0x807928]
V  [jvm.dll+0x8015fa]
V  [jvm.dll+0x6ed5eb]
C  [ucrtbase.DLL+0x214c2]
C  [kernel32.dll+0x155dd]
C  [ntdll.dll+0x52b1d]


---------------  P R O C E S S  ---------------

Threads class SMR info:
_java_thread_list=0x0000000027fbd190, length=14, elements={
0x000000000023f260, 0x000000001e7c9010, 0x000000001e7c9c00, 0x000000001e7ca7f0,
0x000000001e7ce850, 0x000000002156e390, 0x000000002156ecc0, 0x000000002156f920,
0x0000000021572ad0, 0x000000002158b410, 0x00000000267326d0, 0x000000002687fbe0,
0x000000002689c130, 0x0000000028078a00
}

Java Threads: ( => current thread )
  0x000000000023f260 JavaThread "main" [_thread_in_vm, id=9580, stack(0x00000000022c0000,0x00000000023c0000)]
  0x000000001e7c9010 JavaThread "Reference Handler" daemon [_thread_blocked, id=4528, stack(0x0000000025a60000,0x0000000025b60000)]
  0x000000001e7c9c00 JavaThread "Finalizer" daemon [_thread_blocked, id=5328, stack(0x0000000025c60000,0x0000000025d60000)]
  0x000000001e7ca7f0 JavaThread "Signal Dispatcher" daemon [_thread_blocked, id=9488, stack(0x0000000021700000,0x0000000021800000)]
  0x000000001e7ce850 JavaThread "Attach Listener" daemon [_thread_blocked, id=3152, stack(0x0000000025e00000,0x0000000025f00000)]
  0x000000002156e390 JavaThread "Service Thread" daemon [_thread_blocked, id=10056, stack(0x0000000025fa0000,0x00000000260a0000)]
  0x000000002156ecc0 JavaThread "Monitor Deflation Thread" daemon [_thread_blocked, id=2824, stack(0x0000000026140000,0x0000000026240000)]
  0x000000002156f920 JavaThread "C2 CompilerThread0" daemon [_thread_blocked, id=1612, stack(0x0000000026420000,0x0000000026520000)]
  0x0000000021572ad0 JavaThread "C1 CompilerThread0" daemon [_thread_blocked, id=1828, stack(0x0000000026610000,0x0000000026710000)]
  0x000000002158b410 JavaThread "Sweeper thread" daemon [_thread_blocked, id=4760, stack(0x0000000025b60000,0x0000000025c60000)]
  0x00000000267326d0 JavaThread "Common-Cleaner" daemon [_thread_blocked, id=8172, stack(0x0000000026b90000,0x0000000026c90000)]
  0x000000002687fbe0 JavaThread "Monitor Ctrl-Break" daemon [_thread_in_native, id=9012, stack(0x0000000027660000,0x0000000027760000)]
  0x000000002689c130 JavaThread "Notification Thread" daemon [_thread_blocked, id=9288, stack(0x0000000026310000,0x0000000026410000)]
=>0x0000000028078a00 JavaThread "C2 CompilerThread1" daemon [_thread_in_native, id=2828, stack(0x0000000029010000,0x0000000029110000)]

Other Threads:
  0x000000001e7b56a0 VMThread "VM Thread" [stack: 0x0000000025870000,0x0000000025970000] [id=9320]
  0x0000000026f0af50 WatcherThread "VM Periodic Task Thread" [stack: 0x0000000027930000,0x0000000027a30000] [id=9316]
  0x000000001e6f0c80 WorkerThread "GC Thread#0" [stack: 0x000000001e840000,0x000000001e940000] [id=6104]
  0x0000000027170b20 WorkerThread "GC Thread#1" [stack: 0x0000000027a40000,0x0000000027b40000] [id=7552]
  0x0000000027170ff0 WorkerThread "GC Thread#2" [stack: 0x0000000027790000,0x0000000027890000] [id=9932]
  0x0000000027202320 WorkerThread "GC Thread#3" [stack: 0x0000000027cb0000,0x0000000027db0000] [id=9348]
  0x000000000028d980 ConcurrentGCThread "G1 Main Marker" [stack: 0x000000001e9f0000,0x000000001eaf0000] [id=8804]
  0x000000001e6f53a0 WorkerThread "G1 Conc#0" [stack: 0x000000001ebe0000,0x000000001ece0000] [id=8972]
  0x000000001e782990 ConcurrentGCThread "G1 Refine#0" [stack: 0x0000000021210000,0x0000000021310000] [id=9112]
  0x000000001e7884a0 ConcurrentGCThread "G1 Service" [stack: 0x0000000021350000,0x0000000021450000] [id=8480]

Threads with active compile tasks:
C2 CompilerThread1     6163 2200       4       java.util.HashMap::put (13 bytes)

VM state: not at safepoint (normal execution)

VM Mutex/Monitor currently owned by a thread:  ([mutex/lock_event])
[0x0000000000218bf0] Metaspace_lock - owner thread: 0x000000000023f260

Heap address: 0x0000000081200000, size: 2030 MB, Compressed Oops mode: 32-bit

CDS archive(s) mapped at: [0x0000000800000000-0x0000000800c40000-0x0000000800c40000), size 12845056, SharedBaseAddress: 0x0000000800000000, ArchiveRelocationMode: 0.
Compressed class space mapped at: 0x0000000801000000-0x0000000841000000, reserved size: 1073741824
Narrow klass base: 0x0000000800000000, Narrow klass shift: 0, Narrow klass range: 0x100000000

GC Precious Log:
 CardTable entry size: 512
 Card Set container configuration: InlinePtr #cards 5 size 8 Array Of Cards #cards 12 size 40 Howl #buckets 4 coarsen threshold 1843 Howl Bitmap #cards 512 size 80 coarsen threshold 460 Card regions per heap region 1 cards per card region 2048
 CPUs: 4 total, 4 available
 Memory: 8112M
 Large Page Support: Disabled
 NUMA Support: Disabled
 Compressed Oops: Enabled (32-bit)
 Heap Region Size: 1M
 Heap Min Capacity: 8M
 Heap Initial Capacity: 128M
 Heap Max Capacity: 2030M
 Pre-touch: Disabled
 Parallel Workers: 4
 Concurrent Workers: 1
 Concurrent Refinement Workers: 4
 Periodic GC: Disabled

Heap:
 garbage-first heap   total 131072K, used 32661K [0x0000000081200000, 0x0000000100000000)
  region size 1024K, 29 young (29696K), 2 survivors (2048K)
 Metaspace       used 13195K, committed 13440K, reserved 1114112K
  class space    used 1577K, committed 1728K, reserved 1048576K

Heap Regions: E=young(eden), S=young(survivor), O=old, HS=humongous(starts), HC=humongous(continues), CS=collection set, F=free, OA=open archive, CA=closed archive, TAMS=top-at-mark-start (previous, next)
|   0|0x0000000081200000, 0x0000000081300000, 0x0000000081300000|100%| O|  |TAMS 0x0000000081200000, 0x0000000081200000| Untracked 
|   1|0x0000000081300000, 0x0000000081400000, 0x0000000081400000|100%| O|  |TAMS 0x0000000081300000, 0x0000000081300000| Untracked 
|   2|0x0000000081400000, 0x0000000081500000, 0x0000000081500000|100%| O|  |TAMS 0x0000000081400000, 0x0000000081400000| Untracked 
|   3|0x0000000081500000, 0x0000000081600000, 0x0000000081600000|100%| O|  |TAMS 0x0000000081500000, 0x0000000081500000| Untracked 
|   4|0x0000000081600000, 0x00000000816ca800, 0x0000000081700000| 79%| O|  |TAMS 0x0000000081600000, 0x0000000081600000| Untracked 
|   5|0x0000000081700000, 0x0000000081700000, 0x0000000081800000|  0%| F|  |TAMS 0x0000000081700000, 0x0000000081700000| Untracked 
|   6|0x0000000081800000, 0x0000000081800000, 0x0000000081900000|  0%| F|  |TAMS 0x0000000081800000, 0x0000000081800000| Untracked 
|   7|0x0000000081900000, 0x0000000081900000, 0x0000000081a00000|  0%| F|  |TAMS 0x0000000081900000, 0x0000000081900000| Untracked 
|   8|0x0000000081a00000, 0x0000000081a00000, 0x0000000081b00000|  0%| F|  |TAMS 0x0000000081a00000, 0x0000000081a00000| Untracked 
|   9|0x0000000081b00000, 0x0000000081b00000, 0x0000000081c00000|  0%| F|  |TAMS 0x0000000081b00000, 0x0000000081b00000| Untracked 
|  10|0x0000000081c00000, 0x0000000081c00000, 0x0000000081d00000|  0%| F|  |TAMS 0x0000000081c00000, 0x0000000081c00000| Untracked 
|  11|0x0000000081d00000, 0x0000000081d00000, 0x0000000081e00000|  0%| F|  |TAMS 0x0000000081d00000, 0x0000000081d00000| Untracked 
|  12|0x0000000081e00000, 0x0000000081e00000, 0x0000000081f00000|  0%| F|  |TAMS 0x0000000081e00000, 0x0000000081e00000| Untracked 
|  13|0x0000000081f00000, 0x0000000081f00000, 0x0000000082000000|  0%| F|  |TAMS 0x0000000081f00000, 0x0000000081f00000| Untracked 
|  14|0x0000000082000000, 0x0000000082000000, 0x0000000082100000|  0%| F|  |TAMS 0x0000000082000000, 0x0000000082000000| Untracked 
|  15|0x0000000082100000, 0x0000000082100000, 0x0000000082200000|  0%| F|  |TAMS 0x0000000082100000, 0x0000000082100000| Untracked 
|  16|0x0000000082200000, 0x0000000082200000, 0x0000000082300000|  0%| F|  |TAMS 0x0000000082200000, 0x0000000082200000| Untracked 
|  17|0x0000000082300000, 0x0000000082300000, 0x0000000082400000|  0%| F|  |TAMS 0x0000000082300000, 0x0000000082300000| Untracked 
|  18|0x0000000082400000, 0x0000000082400000, 0x0000000082500000|  0%| F|  |TAMS 0x0000000082400000, 0x0000000082400000| Untracked 
|  19|0x0000000082500000, 0x0000000082500000, 0x0000000082600000|  0%| F|  |TAMS 0x0000000082500000, 0x0000000082500000| Untracked 
|  20|0x0000000082600000, 0x0000000082600000, 0x0000000082700000|  0%| F|  |TAMS 0x0000000082600000, 0x0000000082600000| Untracked 
|  21|0x0000000082700000, 0x0000000082700000, 0x0000000082800000|  0%| F|  |TAMS 0x0000000082700000, 0x0000000082700000| Untracked 
|  22|0x0000000082800000, 0x0000000082800000, 0x0000000082900000|  0%| F|  |TAMS 0x0000000082800000, 0x0000000082800000| Untracked 
|  23|0x0000000082900000, 0x0000000082900000, 0x0000000082a00000|  0%| F|  |TAMS 0x0000000082900000, 0x0000000082900000| Untracked 
|  24|0x0000000082a00000, 0x0000000082a00000, 0x0000000082b00000|  0%| F|  |TAMS 0x0000000082a00000, 0x0000000082a00000| Untracked 
|  25|0x0000000082b00000, 0x0000000082b00000, 0x0000000082c00000|  0%| F|  |TAMS 0x0000000082b00000, 0x0000000082b00000| Untracked 
|  26|0x0000000082c00000, 0x0000000082c00000, 0x0000000082d00000|  0%| F|  |TAMS 0x0000000082c00000, 0x0000000082c00000| Untracked 
|  27|0x0000000082d00000, 0x0000000082d00000, 0x0000000082e00000|  0%| F|  |TAMS 0x0000000082d00000, 0x0000000082d00000| Untracked 
|  28|0x0000000082e00000, 0x0000000082e00000, 0x0000000082f00000|  0%| F|  |TAMS 0x0000000082e00000, 0x0000000082e00000| Untracked 
|  29|0x0000000082f00000, 0x0000000082f00000, 0x0000000083000000|  0%| F|  |TAMS 0x0000000082f00000, 0x0000000082f00000| Untracked 
|  30|0x0000000083000000, 0x0000000083000000, 0x0000000083100000|  0%| F|  |TAMS 0x0000000083000000, 0x0000000083000000| Untracked 
|  31|0x0000000083100000, 0x0000000083100000, 0x0000000083200000|  0%| F|  |TAMS 0x0000000083100000, 0x0000000083100000| Untracked 
|  32|0x0000000083200000, 0x0000000083200000, 0x0000000083300000|  0%| F|  |TAMS 0x0000000083200000, 0x0000000083200000| Untracked 
|  33|0x0000000083300000, 0x0000000083300000, 0x0000000083400000|  0%| F|  |TAMS 0x0000000083300000, 0x0000000083300000| Untracked 
|  34|0x0000000083400000, 0x0000000083400000, 0x0000000083500000|  0%| F|  |TAMS 0x0000000083400000, 0x0000000083400000| Untracked 
|  35|0x0000000083500000, 0x0000000083500000, 0x0000000083600000|  0%| F|  |TAMS 0x0000000083500000, 0x0000000083500000| Untracked 
|  36|0x0000000083600000, 0x0000000083600000, 0x0000000083700000|  0%| F|  |TAMS 0x0000000083600000, 0x0000000083600000| Untracked 
|  37|0x0000000083700000, 0x0000000083700000, 0x0000000083800000|  0%| F|  |TAMS 0x0000000083700000, 0x0000000083700000| Untracked 
|  38|0x0000000083800000, 0x0000000083800000, 0x0000000083900000|  0%| F|  |TAMS 0x0000000083800000, 0x0000000083800000| Untracked 
|  39|0x0000000083900000, 0x0000000083900000, 0x0000000083a00000|  0%| F|  |TAMS 0x0000000083900000, 0x0000000083900000| Untracked 
|  40|0x0000000083a00000, 0x0000000083a00000, 0x0000000083b00000|  0%| F|  |TAMS 0x0000000083a00000, 0x0000000083a00000| Untracked 
|  41|0x0000000083b00000, 0x0000000083b00000, 0x0000000083c00000|  0%| F|  |TAMS 0x0000000083b00000, 0x0000000083b00000| Untracked 
|  42|0x0000000083c00000, 0x0000000083c00000, 0x0000000083d00000|  0%| F|  |TAMS 0x0000000083c00000, 0x0000000083c00000| Untracked 
|  43|0x0000000083d00000, 0x0000000083d00000, 0x0000000083e00000|  0%| F|  |TAMS 0x0000000083d00000, 0x0000000083d00000| Untracked 
|  44|0x0000000083e00000, 0x0000000083e00000, 0x0000000083f00000|  0%| F|  |TAMS 0x0000000083e00000, 0x0000000083e00000| Untracked 
|  45|0x0000000083f00000, 0x0000000083f00000, 0x0000000084000000|  0%| F|  |TAMS 0x0000000083f00000, 0x0000000083f00000| Untracked 
|  46|0x0000000084000000, 0x0000000084000000, 0x0000000084100000|  0%| F|  |TAMS 0x0000000084000000, 0x0000000084000000| Untracked 
|  47|0x0000000084100000, 0x0000000084100000, 0x0000000084200000|  0%| F|  |TAMS 0x0000000084100000, 0x0000000084100000| Untracked 
|  48|0x0000000084200000, 0x0000000084200000, 0x0000000084300000|  0%| F|  |TAMS 0x0000000084200000, 0x0000000084200000| Untracked 
|  49|0x0000000084300000, 0x0000000084300000, 0x0000000084400000|  0%| F|  |TAMS 0x0000000084300000, 0x0000000084300000| Untracked 
|  50|0x0000000084400000, 0x0000000084400000, 0x0000000084500000|  0%| F|  |TAMS 0x0000000084400000, 0x0000000084400000| Untracked 
|  51|0x0000000084500000, 0x0000000084500000, 0x0000000084600000|  0%| F|  |TAMS 0x0000000084500000, 0x0000000084500000| Untracked 
|  52|0x0000000084600000, 0x0000000084600000, 0x0000000084700000|  0%| F|  |TAMS 0x0000000084600000, 0x0000000084600000| Untracked 
|  53|0x0000000084700000, 0x0000000084700000, 0x0000000084800000|  0%| F|  |TAMS 0x0000000084700000, 0x0000000084700000| Untracked 
|  54|0x0000000084800000, 0x0000000084800000, 0x0000000084900000|  0%| F|  |TAMS 0x0000000084800000, 0x0000000084800000| Untracked 
|  55|0x0000000084900000, 0x0000000084900000, 0x0000000084a00000|  0%| F|  |TAMS 0x0000000084900000, 0x0000000084900000| Untracked 
|  56|0x0000000084a00000, 0x0000000084a00000, 0x0000000084b00000|  0%| F|  |TAMS 0x0000000084a00000, 0x0000000084a00000| Untracked 
|  57|0x0000000084b00000, 0x0000000084b00000, 0x0000000084c00000|  0%| F|  |TAMS 0x0000000084b00000, 0x0000000084b00000| Untracked 
|  58|0x0000000084c00000, 0x0000000084c00000, 0x0000000084d00000|  0%| F|  |TAMS 0x0000000084c00000, 0x0000000084c00000| Untracked 
|  59|0x0000000084d00000, 0x0000000084d00000, 0x0000000084e00000|  0%| F|  |TAMS 0x0000000084d00000, 0x0000000084d00000| Untracked 
|  60|0x0000000084e00000, 0x0000000084e00000, 0x0000000084f00000|  0%| F|  |TAMS 0x0000000084e00000, 0x0000000084e00000| Untracked 
|  61|0x0000000084f00000, 0x0000000084f00000, 0x0000000085000000|  0%| F|  |TAMS 0x0000000084f00000, 0x0000000084f00000| Untracked 
|  62|0x0000000085000000, 0x0000000085000000, 0x0000000085100000|  0%| F|  |TAMS 0x0000000085000000, 0x0000000085000000| Untracked 
|  63|0x0000000085100000, 0x0000000085100000, 0x0000000085200000|  0%| F|  |TAMS 0x0000000085100000, 0x0000000085100000| Untracked 
|  64|0x0000000085200000, 0x0000000085200000, 0x0000000085300000|  0%| F|  |TAMS 0x0000000085200000, 0x0000000085200000| Untracked 
|  65|0x0000000085300000, 0x0000000085300000, 0x0000000085400000|  0%| F|  |TAMS 0x0000000085300000, 0x0000000085300000| Untracked 
|  66|0x0000000085400000, 0x0000000085400000, 0x0000000085500000|  0%| F|  |TAMS 0x0000000085400000, 0x0000000085400000| Untracked 
|  67|0x0000000085500000, 0x0000000085500000, 0x0000000085600000|  0%| F|  |TAMS 0x0000000085500000, 0x0000000085500000| Untracked 
|  68|0x0000000085600000, 0x0000000085600000, 0x0000000085700000|  0%| F|  |TAMS 0x0000000085600000, 0x0000000085600000| Untracked 
|  69|0x0000000085700000, 0x0000000085700000, 0x0000000085800000|  0%| F|  |TAMS 0x0000000085700000, 0x0000000085700000| Untracked 
|  70|0x0000000085800000, 0x0000000085800000, 0x0000000085900000|  0%| F|  |TAMS 0x0000000085800000, 0x0000000085800000| Untracked 
|  71|0x0000000085900000, 0x0000000085900000, 0x0000000085a00000|  0%| F|  |TAMS 0x0000000085900000, 0x0000000085900000| Untracked 
|  72|0x0000000085a00000, 0x0000000085a00000, 0x0000000085b00000|  0%| F|  |TAMS 0x0000000085a00000, 0x0000000085a00000| Untracked 
|  73|0x0000000085b00000, 0x0000000085b00000, 0x0000000085c00000|  0%| F|  |TAMS 0x0000000085b00000, 0x0000000085b00000| Untracked 
|  74|0x0000000085c00000, 0x0000000085c00000, 0x0000000085d00000|  0%| F|  |TAMS 0x0000000085c00000, 0x0000000085c00000| Untracked 
|  75|0x0000000085d00000, 0x0000000085d00000, 0x0000000085e00000|  0%| F|  |TAMS 0x0000000085d00000, 0x0000000085d00000| Untracked 
|  76|0x0000000085e00000, 0x0000000085e00000, 0x0000000085f00000|  0%| F|  |TAMS 0x0000000085e00000, 0x0000000085e00000| Untracked 
|  77|0x0000000085f00000, 0x0000000085f00000, 0x0000000086000000|  0%| F|  |TAMS 0x0000000085f00000, 0x0000000085f00000| Untracked 
|  78|0x0000000086000000, 0x0000000086000000, 0x0000000086100000|  0%| F|  |TAMS 0x0000000086000000, 0x0000000086000000| Untracked 
|  79|0x0000000086100000, 0x0000000086100000, 0x0000000086200000|  0%| F|  |TAMS 0x0000000086100000, 0x0000000086100000| Untracked 
|  80|0x0000000086200000, 0x0000000086200000, 0x0000000086300000|  0%| F|  |TAMS 0x0000000086200000, 0x0000000086200000| Untracked 
|  81|0x0000000086300000, 0x0000000086300000, 0x0000000086400000|  0%| F|  |TAMS 0x0000000086300000, 0x0000000086300000| Untracked 
|  82|0x0000000086400000, 0x0000000086400000, 0x0000000086500000|  0%| F|  |TAMS 0x0000000086400000, 0x0000000086400000| Untracked 
|  83|0x0000000086500000, 0x0000000086500000, 0x0000000086600000|  0%| F|  |TAMS 0x0000000086500000, 0x0000000086500000| Untracked 
|  84|0x0000000086600000, 0x0000000086600000, 0x0000000086700000|  0%| F|  |TAMS 0x0000000086600000, 0x0000000086600000| Untracked 
|  85|0x0000000086700000, 0x0000000086700000, 0x0000000086800000|  0%| F|  |TAMS 0x0000000086700000, 0x0000000086700000| Untracked 
|  86|0x0000000086800000, 0x0000000086800000, 0x0000000086900000|  0%| F|  |TAMS 0x0000000086800000, 0x0000000086800000| Untracked 
|  87|0x0000000086900000, 0x0000000086900000, 0x0000000086a00000|  0%| F|  |TAMS 0x0000000086900000, 0x0000000086900000| Untracked 
|  88|0x0000000086a00000, 0x0000000086a00000, 0x0000000086b00000|  0%| F|  |TAMS 0x0000000086a00000, 0x0000000086a00000| Untracked 
|  89|0x0000000086b00000, 0x0000000086b00000, 0x0000000086c00000|  0%| F|  |TAMS 0x0000000086b00000, 0x0000000086b00000| Untracked 
|  90|0x0000000086c00000, 0x0000000086c00000, 0x0000000086d00000|  0%| F|  |TAMS 0x0000000086c00000, 0x0000000086c00000| Untracked 
|  91|0x0000000086d00000, 0x0000000086d00000, 0x0000000086e00000|  0%| F|  |TAMS 0x0000000086d00000, 0x0000000086d00000| Untracked 
|  92|0x0000000086e00000, 0x0000000086e00000, 0x0000000086f00000|  0%| F|  |TAMS 0x0000000086e00000, 0x0000000086e00000| Untracked 
|  93|0x0000000086f00000, 0x0000000086f00000, 0x0000000087000000|  0%| F|  |TAMS 0x0000000086f00000, 0x0000000086f00000| Untracked 
|  94|0x0000000087000000, 0x0000000087000000, 0x0000000087100000|  0%| F|  |TAMS 0x0000000087000000, 0x0000000087000000| Untracked 
|  95|0x0000000087100000, 0x0000000087100000, 0x0000000087200000|  0%| F|  |TAMS 0x0000000087100000, 0x0000000087100000| Untracked 
|  96|0x0000000087200000, 0x0000000087200000, 0x0000000087300000|  0%| F|  |TAMS 0x0000000087200000, 0x0000000087200000| Untracked 
|  97|0x0000000087300000, 0x0000000087300000, 0x0000000087400000|  0%| F|  |TAMS 0x0000000087300000, 0x0000000087300000| Untracked 
|  98|0x0000000087400000, 0x0000000087400000, 0x0000000087500000|  0%| F|  |TAMS 0x0000000087400000, 0x0000000087400000| Untracked 
|  99|0x0000000087500000, 0x00000000875ad9d8, 0x0000000087600000| 67%| E|  |TAMS 0x0000000087500000, 0x0000000087500000| Complete 
| 100|0x0000000087600000, 0x0000000087700000, 0x0000000087700000|100%| E|CS|TAMS 0x0000000087600000, 0x0000000087600000| Complete 
| 101|0x0000000087700000, 0x0000000087800000, 0x0000000087800000|100%| E|CS|TAMS 0x0000000087700000, 0x0000000087700000| Complete 
| 102|0x0000000087800000, 0x0000000087900000, 0x0000000087900000|100%| E|CS|TAMS 0x0000000087800000, 0x0000000087800000| Complete 
| 103|0x0000000087900000, 0x0000000087a00000, 0x0000000087a00000|100%| E|CS|TAMS 0x0000000087900000, 0x0000000087900000| Complete 
| 104|0x0000000087a00000, 0x0000000087b00000, 0x0000000087b00000|100%| E|CS|TAMS 0x0000000087a00000, 0x0000000087a00000| Complete 
| 105|0x0000000087b00000, 0x0000000087c00000, 0x0000000087c00000|100%| E|CS|TAMS 0x0000000087b00000, 0x0000000087b00000| Complete 
| 106|0x0000000087c00000, 0x0000000087d00000, 0x0000000087d00000|100%| E|CS|TAMS 0x0000000087c00000, 0x0000000087c00000| Complete 
| 107|0x0000000087d00000, 0x0000000087e00000, 0x0000000087e00000|100%| E|CS|TAMS 0x0000000087d00000, 0x0000000087d00000| Complete 
| 108|0x0000000087e00000, 0x0000000087f00000, 0x0000000087f00000|100%| E|CS|TAMS 0x0000000087e00000, 0x0000000087e00000| Complete 
| 109|0x0000000087f00000, 0x0000000088000000, 0x0000000088000000|100%| E|CS|TAMS 0x0000000087f00000, 0x0000000087f00000| Complete 
| 110|0x0000000088000000, 0x0000000088100000, 0x0000000088100000|100%| E|CS|TAMS 0x0000000088000000, 0x0000000088000000| Complete 
| 111|0x0000000088100000, 0x0000000088200000, 0x0000000088200000|100%| E|CS|TAMS 0x0000000088100000, 0x0000000088100000| Complete 
| 112|0x0000000088200000, 0x000000008821acf0, 0x0000000088300000| 10%| S|CS|TAMS 0x0000000088200000, 0x0000000088200000| Complete 
| 113|0x0000000088300000, 0x0000000088400000, 0x0000000088400000|100%| E|CS|TAMS 0x0000000088300000, 0x0000000088300000| Complete 
| 114|0x0000000088400000, 0x0000000088500000, 0x0000000088500000|100%| E|CS|TAMS 0x0000000088400000, 0x0000000088400000| Complete 
| 115|0x0000000088500000, 0x0000000088600000, 0x0000000088600000|100%| S|CS|TAMS 0x0000000088500000, 0x0000000088500000| Complete 
| 116|0x0000000088600000, 0x0000000088700000, 0x0000000088700000|100%| E|CS|TAMS 0x0000000088600000, 0x0000000088600000| Complete 
| 117|0x0000000088700000, 0x0000000088800000, 0x0000000088800000|100%| E|CS|TAMS 0x0000000088700000, 0x0000000088700000| Complete 
| 118|0x0000000088800000, 0x0000000088900000, 0x0000000088900000|100%| E|CS|TAMS 0x0000000088800000, 0x0000000088800000| Complete 
| 119|0x0000000088900000, 0x0000000088a00000, 0x0000000088a00000|100%| E|CS|TAMS 0x0000000088900000, 0x0000000088900000| Complete 
| 120|0x0000000088a00000, 0x0000000088b00000, 0x0000000088b00000|100%| E|CS|TAMS 0x0000000088a00000, 0x0000000088a00000| Complete 
| 121|0x0000000088b00000, 0x0000000088c00000, 0x0000000088c00000|100%| E|CS|TAMS 0x0000000088b00000, 0x0000000088b00000| Complete 
| 122|0x0000000088c00000, 0x0000000088d00000, 0x0000000088d00000|100%| E|CS|TAMS 0x0000000088c00000, 0x0000000088c00000| Complete 
| 123|0x0000000088d00000, 0x0000000088e00000, 0x0000000088e00000|100%| E|CS|TAMS 0x0000000088d00000, 0x0000000088d00000| Complete 
| 124|0x0000000088e00000, 0x0000000088f00000, 0x0000000088f00000|100%| E|CS|TAMS 0x0000000088e00000, 0x0000000088e00000| Complete 
| 125|0x0000000088f00000, 0x0000000089000000, 0x0000000089000000|100%| E|CS|TAMS 0x0000000088f00000, 0x0000000088f00000| Complete 
| 126|0x0000000089000000, 0x0000000089100000, 0x0000000089100000|100%| E|CS|TAMS 0x0000000089000000, 0x0000000089000000| Complete 
| 127|0x0000000089100000, 0x0000000089200000, 0x0000000089200000|100%| E|CS|TAMS 0x0000000089100000, 0x0000000089100000| Complete 

Card table byte_map: [0x0000000019f50000,0x000000001a350000] _byte_map_base: 0x0000000019b47000

Marking Bits (Prev, Next): (CMBitMap*) 0x0000000000281210, (CMBitMap*) 0x0000000000281250
 Prev Bits: [0x000000001a750000, 0x000000001c708000)
 Next Bits: [0x000000001c710000, 0x000000001e6c8000)

Polling page: 0x0000000000340000

Metaspace:

Usage:
  Non-class:     11.35 MB used.
      Class:      1.54 MB used.
       Both:     12.89 MB used.

Virtual space:
  Non-class space:       64.00 MB reserved,      11.44 MB ( 18%) committed,  1 nodes.
      Class space:        1.00 GB reserved,       1.69 MB ( <1%) committed,  1 nodes.
             Both:        1.06 GB reserved,      13.12 MB (  1%) committed. 

Chunk freelists:
   Non-Class:  3.70 MB
       Class:  2.30 MB
        Both:  6.00 MB

MaxMetaspaceSize: unlimited
CompressedClassSpaceSize: 1.00 GB
Initial GC threshold: 21.00 MB
Current GC threshold: 21.00 MB
CDS: on
MetaspaceReclaimPolicy: balanced
 - commit_granule_bytes: 65536.
 - commit_granule_words: 8192.
 - virtual_space_node_default_size: 8388608.
 - enlarge_chunks_in_place: 1.
 - new_chunks_are_fully_committed: 0.
 - uncommit_free_chunks: 1.
 - use_allocation_guard: 0.


Internal statistics:

num_allocs_failed_limit: 0.
num_arena_births: 182.
num_arena_deaths: 0.
num_vsnodes_births: 2.
num_vsnodes_deaths: 0.
num_space_committed: 210.
num_space_uncommitted: 0.
num_chunks_returned_to_freelist: 0.
num_chunks_taken_from_freelist: 576.
num_chunk_merges: 0.
num_chunk_splits: 387.
num_chunks_enlarged: 310.
num_inconsistent_stats: 0.

CodeHeap 'non-profiled nmethods': size=120000Kb used=821Kb max_used=821Kb free=119179Kb
 bounds [0x0000000012000000, 0x0000000012270000, 0x0000000019530000]
CodeHeap 'profiled nmethods': size=120000Kb used=4219Kb max_used=4219Kb free=115780Kb
 bounds [0x000000000a530000, 0x000000000a950000, 0x0000000011a60000]
CodeHeap 'non-nmethods': size=5760Kb used=1269Kb max_used=1292Kb free=4490Kb
 bounds [0x0000000011a60000, 0x0000000011cd0000, 0x0000000012000000]
 total_blobs=2674 nmethods=2192 adapters=393
 compilation: enabled
              stopped_count=0, restarted_count=0
 full_count=0

Compilation events (20 events):
Event: 6.074 Thread 0x0000000021572ad0 nmethod 2190 0x000000000a948910 code [0x000000000a948b60, 0x000000000a9493f8]
Event: 6.074 Thread 0x0000000021572ad0 2191       3       java.util.Collections$SetFromMap::contains (11 bytes)
Event: 6.074 Thread 0x0000000021572ad0 nmethod 2191 0x000000000a949690 code [0x000000000a949840, 0x000000000a949a08]
Event: 6.074 Thread 0x0000000021572ad0 2192       3       jdk.internal.org.objectweb.asm.SymbolTable::putBootstrapMethods (56 bytes)
Event: 6.075 Thread 0x0000000021572ad0 nmethod 2192 0x000000000a949b10 code [0x000000000a949d00, 0x000000000a94a008]
Event: 6.076 Thread 0x0000000021572ad0 2193       3       org.springframework.beans.factory.support.AbstractAutowireCapableBeanFactory::determineTargetType (60 bytes)
Event: 6.077 Thread 0x0000000021572ad0 nmethod 2193 0x000000000a94a210 code [0x000000000a94a400, 0x000000000a94ac98]
Event: 6.078 Thread 0x0000000021572ad0 2194       3       org.springframework.beans.factory.support.AbstractBeanFactory::isFactoryBean (60 bytes)
Event: 6.079 Thread 0x0000000021572ad0 nmethod 2194 0x000000000a94ae90 code [0x000000000a94b080, 0x000000000a94b6d8]
Event: 6.079 Thread 0x0000000021572ad0 2195       3       org.springframework.beans.factory.support.AbstractAutowireCapableBeanFactory::predictBeanType (126 bytes)
Event: 6.081 Thread 0x0000000021572ad0 nmethod 2195 0x000000000a94b890 code [0x000000000a94bb20, 0x000000000a94c928]
Event: 6.083 Thread 0x0000000021572ad0 2196       3       jdk.internal.misc.Unsafe::ensureClassInitialized (18 bytes)
Event: 6.083 Thread 0x0000000021572ad0 nmethod 2196 0x000000000a94cd10 code [0x000000000a94cec0, 0x000000000a94d0f8]
Event: 6.097 Thread 0x0000000021572ad0 2198       3       org.springframework.beans.factory.support.AbstractBeanDefinition::getBeanClassName (25 bytes)
Event: 6.097 Thread 0x0000000021572ad0 nmethod 2198 0x000000000a94d210 code [0x000000000a94d3e0, 0x000000000a94d928]
Event: 6.098 Thread 0x0000000021572ad0 2199       1       org.springframework.beans.factory.support.AbstractBeanDefinition::setScope (6 bytes)
Event: 6.098 Thread 0x0000000021572ad0 nmethod 2199 0x00000000120cd110 code [0x00000000120cd2a0, 0x00000000120cd3b8]
Event: 6.099 Thread 0x0000000028078a00 2200       4       java.util.HashMap::put (13 bytes)
Event: 6.104 Thread 0x0000000021572ad0 2201       3       org.springframework.beans.factory.support.DefaultListableBeanFactory::getBeanDefinition (78 bytes)
Event: 6.105 Thread 0x0000000021572ad0 nmethod 2201 0x000000000a94da90 code [0x000000000a94dd40, 0x000000000a94e908]

GC Heap History (4 events):
Event: 1.922 GC heap before
{Heap before GC invocations=0 (full 0):
 garbage-first heap   total 131072K, used 13312K [0x0000000081200000, 0x0000000100000000)
  region size 1024K, 13 young (13312K), 0 survivors (0K)
 Metaspace       used 3711K, committed 3904K, reserved 1114112K
  class space    used 358K, committed 448K, reserved 1048576K
}
Event: 1.936 GC heap after
{Heap after GC invocations=1 (full 0):
 garbage-first heap   total 131072K, used 4997K [0x0000000081200000, 0x0000000100000000)
  region size 1024K, 2 young (2048K), 2 survivors (2048K)
 Metaspace       used 3711K, committed 3904K, reserved 1114112K
  class space    used 358K, committed 448K, reserved 1048576K
}
Event: 3.304 GC heap before
{Heap before GC invocations=1 (full 0):
 garbage-first heap   total 131072K, used 16261K [0x0000000081200000, 0x0000000100000000)
  region size 1024K, 14 young (14336K), 2 survivors (2048K)
 Metaspace       used 7032K, committed 7232K, reserved 1114112K
  class space    used 794K, committed 896K, reserved 1048576K
}
Event: 3.315 GC heap after
{Heap after GC invocations=2 (full 0):
 garbage-first heap   total 131072K, used 6037K [0x0000000081200000, 0x0000000100000000)
  region size 1024K, 2 young (2048K), 2 survivors (2048K)
 Metaspace       used 7032K, committed 7232K, reserved 1114112K
  class space    used 794K, committed 896K, reserved 1048576K
}

Dll operation events (13 events):
Event: 0.027 Loaded shared library C:\Program Files\Java\jdk-19\bin\java.dll
Event: 0.052 Loaded shared library C:\Program Files\Java\jdk-19\bin\jsvml.dll
Event: 0.431 Loaded shared library C:\Program Files\Java\jdk-19\bin\zip.dll
Event: 0.437 Loaded shared library C:\Program Files\Java\jdk-19\bin\instrument.dll
Event: 0.452 Loaded shared library C:\Program Files\Java\jdk-19\bin\net.dll
Event: 0.466 Loaded shared library C:\Program Files\Java\jdk-19\bin\nio.dll
Event: 0.476 Loaded shared library C:\Program Files\Java\jdk-19\bin\zip.dll
Event: 0.748 Loaded shared library C:\Program Files\JetBrains\IntelliJ IDEA Community Edition 2022.2.3\bin\breakgen64.dll
Event: 0.776 Loaded shared library C:\Program Files\Java\jdk-19\bin\extnet.dll
Event: 0.830 Loaded shared library C:\Program Files\Java\jdk-19\bin\verify.dll
Event: 0.850 Loaded shared library C:\Program Files\Java\jdk-19\bin\jimage.dll
Event: 3.422 Loaded shared library C:\Program Files\Java\jdk-19\bin\management.dll
Event: 3.426 Loaded shared library C:\Program Files\Java\jdk-19\bin\management_ext.dll

Deoptimization events (20 events):
Event: 5.515 Thread 0x000000000023f260 Uncommon trap: trap_request=0xffffffde fr.pc=0x000000001201c82c relative=0x000000000000018c
Event: 5.515 Thread 0x000000000023f260 Uncommon trap: reason=class_check action=maybe_recompile pc=0x000000001201c82c method=java.lang.String.equals(Ljava/lang/Object;)Z @ 8 c2
Event: 5.515 Thread 0x000000000023f260 DEOPT PACKING pc=0x000000001201c82c sp=0x00000000023bea00
Event: 5.515 Thread 0x000000000023f260 DEOPT UNPACKING pc=0x0000000011ac6d9d sp=0x00000000023be9a8 mode 2
Event: 5.515 Thread 0x000000000023f260 Uncommon trap: trap_request=0xffffffde fr.pc=0x000000001201c82c relative=0x000000000000018c
Event: 5.515 Thread 0x000000000023f260 Uncommon trap: reason=class_check action=maybe_recompile pc=0x000000001201c82c method=java.lang.String.equals(Ljava/lang/Object;)Z @ 8 c2
Event: 5.515 Thread 0x000000000023f260 DEOPT PACKING pc=0x000000001201c82c sp=0x00000000023be9b0
Event: 5.515 Thread 0x000000000023f260 DEOPT UNPACKING pc=0x0000000011ac6d9d sp=0x00000000023be948 mode 2
Event: 5.517 Thread 0x000000000023f260 Uncommon trap: trap_request=0xffffffde fr.pc=0x000000001201c82c relative=0x000000000000018c
Event: 5.517 Thread 0x000000000023f260 Uncommon trap: reason=class_check action=maybe_recompile pc=0x000000001201c82c method=java.lang.String.equals(Ljava/lang/Object;)Z @ 8 c2
Event: 5.517 Thread 0x000000000023f260 DEOPT PACKING pc=0x000000001201c82c sp=0x00000000023be610
Event: 5.517 Thread 0x000000000023f260 DEOPT UNPACKING pc=0x0000000011ac6d9d sp=0x00000000023be5a8 mode 2
Event: 5.672 Thread 0x000000000023f260 Uncommon trap: trap_request=0xffffff45 fr.pc=0x000000001206ff78 relative=0x0000000000000978
Event: 5.672 Thread 0x000000000023f260 Uncommon trap: reason=unstable_if action=reinterpret pc=0x000000001206ff78 method=jdk.internal.org.objectweb.asm.SymbolTable.put(Ljdk/internal/org/objectweb/asm/SymbolTable$Entry;)Ljdk/internal/org/objectweb/asm/SymbolTable$Entry; @ 13 c2
Event: 5.672 Thread 0x000000000023f260 DEOPT PACKING pc=0x000000001206ff78 sp=0x00000000023bd2a0
Event: 5.672 Thread 0x000000000023f260 DEOPT UNPACKING pc=0x0000000011ac6d9d sp=0x00000000023bd1d8 mode 2
Event: 5.798 Thread 0x000000000023f260 DEOPT PACKING pc=0x000000000a840167 sp=0x00000000023ba450
Event: 5.798 Thread 0x000000000023f260 DEOPT UNPACKING pc=0x0000000011ac7524 sp=0x00000000023b9928 mode 0
Event: 6.061 Thread 0x000000000023f260 DEOPT PACKING pc=0x000000000a840167 sp=0x00000000023bd9a0
Event: 6.061 Thread 0x000000000023f260 DEOPT UNPACKING pc=0x0000000011ac7524 sp=0x00000000023bce78 mode 0

Classes loaded (20 events):
Event: 5.840 Loading class java/util/concurrent/FutureTask$WaitNode
Event: 5.841 Loading class java/util/concurrent/FutureTask$WaitNode done
Event: 5.877 Loading class java/lang/foreign/ValueLayout
Event: 5.877 Loading class java/lang/foreign/MemoryLayout
Event: 5.877 Loading class java/lang/foreign/MemoryLayout done
Event: 5.877 Loading class java/lang/foreign/AbstractLayout
Event: 5.878 Loading class java/lang/foreign/AbstractLayout done
Event: 5.878 Loading class java/lang/foreign/ValueLayout done
Event: 5.880 Loading class java/lang/ClassFormatError
Event: 5.880 Loading class java/lang/ClassFormatError done
Event: 6.021 Loading class java/util/LinkedList$Node
Event: 6.021 Loading class java/util/LinkedList$Node done
Event: 6.022 Loading class java/util/DualPivotQuicksort
Event: 6.022 Loading class java/util/DualPivotQuicksort done
Event: 6.024 Loading class java/util/LinkedList$ListItr
Event: 6.024 Loading class java/util/LinkedList$ListItr done
Event: 6.108 Loading class javax/naming/InitialContext
Event: 6.108 Loading class javax/naming/InitialContext done
Event: 6.109 Loading class javax/xml/ws$WebServiceRef
Event: 6.109 Loading class javax/xml/ws$WebServiceRef done

Classes unloaded (0 events):
No events

Classes redefined (0 events):
No events

Internal exceptions (20 events):
Event: 4.514 Thread 0x000000000023f260 Exception <a 'java/lang/IncompatibleClassChangeError'{0x00000000887ffbe0}: Found class java.lang.Object, but interface was expected> (0x00000000887ffbe0) 
thrown [s\open\src\hotspot\share\interpreter\linkResolver.cpp, line 841]
Event: 4.535 Thread 0x000000000023f260 Exception <a 'java/lang/ClassNotFoundException'{0x000000008861d3c0}: org/springframework/context/annotation/ConfigurationClassPostProcessorCustomizer> (0x000000008861d3c0) 
thrown [s\open\src\hotspot\share\classfile\systemDictionary.cpp, line 255]
Event: 4.543 Thread 0x000000000023f260 Exception <a 'java/lang/ClassNotFoundException'{0x000000008863a640}: org/springframework/beans/factory/support/BeanDefinitionRegistryPostProcessorCustomizer> (0x000000008863a640) 
thrown [s\open\src\hotspot\share\classfile\systemDictionary.cpp, line 255]
Event: 4.545 Thread 0x000000000023f260 Exception <a 'java/lang/ClassNotFoundException'{0x000000008863dfb8}: org/springframework/beans/factory/config/BeanFactoryPostProcessorCustomizer> (0x000000008863dfb8) 
thrown [s\open\src\hotspot\share\classfile\systemDictionary.cpp, line 255]
Event: 4.551 Thread 0x000000000023f260 Exception <a 'java/lang/ClassNotFoundException'{0x00000000886418d8}: org/springframework/core/PriorityOrderedCustomizer> (0x00000000886418d8) 
thrown [s\open\src\hotspot\share\classfile\systemDictionary.cpp, line 255]
Event: 4.551 Thread 0x000000000023f260 Exception <a 'java/lang/ClassNotFoundException'{0x0000000088643ee0}: org/springframework/core/OrderedCustomizer> (0x0000000088643ee0) 
thrown [s\open\src\hotspot\share\classfile\systemDictionary.cpp, line 255]
Event: 4.552 Thread 0x000000000023f260 Exception <a 'java/lang/ClassNotFoundException'{0x00000000886475f0}: org/springframework/context/ResourceLoaderAwareCustomizer> (0x00000000886475f0) 
thrown [s\open\src\hotspot\share\classfile\systemDictionary.cpp, line 255]
Event: 4.553 Thread 0x000000000023f260 Exception <a 'java/lang/ClassNotFoundException'{0x000000008864aed8}: org/springframework/beans/factory/AwareCustomizer> (0x000000008864aed8) 
thrown [s\open\src\hotspot\share\classfile\systemDictionary.cpp, line 255]
Event: 4.554 Thread 0x000000000023f260 Exception <a 'java/lang/ClassNotFoundException'{0x000000008864d738}: org/springframework/context/ApplicationStartupAwareCustomizer> (0x000000008864d738) 
thrown [s\open\src\hotspot\share\classfile\systemDictionary.cpp, line 255]
Event: 4.555 Thread 0x000000000023f260 Exception <a 'java/lang/ClassNotFoundException'{0x00000000886512a8}: org/springframework/beans/factory/AwareCustomizer> (0x00000000886512a8) 
thrown [s\open\src\hotspot\share\classfile\systemDictionary.cpp, line 255]
Event: 4.556 Thread 0x000000000023f260 Exception <a 'java/lang/ClassNotFoundException'{0x0000000088653ad0}: org/springframework/beans/factory/BeanClassLoaderAwareCustomizer> (0x0000000088653ad0) 
thrown [s\open\src\hotspot\share\classfile\systemDictionary.cpp, line 255]
Event: 4.557 Thread 0x000000000023f260 Exception <a 'java/lang/ClassNotFoundException'{0x00000000886573a0}: org/springframework/beans/factory/AwareCustomizer> (0x00000000886573a0) 
thrown [s\open\src\hotspot\share\classfile\systemDictionary.cpp, line 255]
Event: 4.557 Thread 0x000000000023f260 Exception <a 'java/lang/ClassNotFoundException'{0x0000000088659dc8}: org/springframework/context/EnvironmentAwareCustomizer> (0x0000000088659dc8) 
thrown [s\open\src\hotspot\share\classfile\systemDictionary.cpp, line 255]
Event: 4.558 Thread 0x000000000023f260 Exception <a 'java/lang/ClassNotFoundException'{0x000000008865d630}: org/springframework/beans/factory/AwareCustomizer> (0x000000008865d630) 
thrown [s\open\src\hotspot\share\classfile\systemDictionary.cpp, line 255]
Event: 4.638 Thread 0x000000000023f260 Exception <a 'java/lang/NoSuchMethodError'{0x000000008842ff60}: 'java.lang.Object java.lang.invoke.DirectMethodHandle$Holder.invokeVirtual(java.lang.Object, java.lang.Object, java.lang.Object)'> (0x000000008842ff60) 
thrown [s\open\src\hotspot\share\interpreter\linkResolver.cpp, line 774]
Event: 5.169 Thread 0x000000000023f260 Exception <a 'java/lang/IncompatibleClassChangeError'{0x0000000087fc6068}: Found class java.lang.Object, but interface was expected> (0x0000000087fc6068) 
thrown [s\open\src\hotspot\share\interpreter\linkResolver.cpp, line 841]
Event: 5.285 Thread 0x000000000023f260 Exception <a 'java/lang/NoSuchMethodError'{0x0000000087d01ce8}: 'void java.lang.invoke.DirectMethodHandle$Holder.invokeInterface(java.lang.Object, java.lang.Object, java.lang.Object, java.lang.Object)'> (0x0000000087d01ce8) 
thrown [s\open\src\hotspot\share\interpreter\linkResolver.cpp, line 774]
Event: 6.032 Thread 0x000000000023f260 Exception <a 'java/lang/NoSuchMethodError'{0x0000000087679bd8}: 'void java.lang.invoke.Invokers$Holder.invokeExact_MT(java.lang.Object, java.lang.Object, java.lang.Object)'> (0x0000000087679bd8) 
thrown [s\open\src\hotspot\share\interpreter\linkResolver.cpp, line 774]
Event: 6.069 Thread 0x000000000023f260 Exception <a 'java/lang/NoClassDefFoundError'{0x0000000087500bf0}: org/flywaydb/core/Flyway> (0x0000000087500bf0) 
thrown [s\open\src\hotspot\share\classfile\systemDictionary.cpp, line 244]
Event: 6.069 Thread 0x000000000023f260 Exception <a 'java/lang/NoClassDefFoundError'{0x0000000087501a40}: liquibase/integration/spring/SpringLiquibase> (0x0000000087501a40) 
thrown [s\open\src\hotspot\share\classfile\systemDictionary.cpp, line 244]

VM Operations (20 events):
Event: 2.245 Executing VM operation: HandshakeAllThreads
Event: 2.245 Executing VM operation: HandshakeAllThreads done
Event: 3.226 Executing VM operation: HandshakeAllThreads
Event: 3.226 Executing VM operation: HandshakeAllThreads done
Event: 3.226 Executing VM operation: Cleanup
Event: 3.230 Executing VM operation: Cleanup done
Event: 3.304 Executing VM operation: G1CollectForAllocation
Event: 3.315 Executing VM operation: G1CollectForAllocation done
Event: 3.717 Executing VM operation: HandshakeAllThreads
Event: 3.717 Executing VM operation: HandshakeAllThreads done
Event: 4.209 Executing VM operation: HandshakeAllThreads
Event: 4.209 Executing VM operation: HandshakeAllThreads done
Event: 4.441 Executing VM operation: HandshakeAllThreads
Event: 4.441 Executing VM operation: HandshakeAllThreads done
Event: 4.441 Executing VM operation: Cleanup
Event: 4.443 Executing VM operation: Cleanup done
Event: 4.613 Executing VM operation: HandshakeAllThreads
Event: 4.613 Executing VM operation: HandshakeAllThreads done
Event: 5.613 Executing VM operation: Cleanup
Event: 5.639 Executing VM operation: Cleanup done

Events (20 events):
Event: 0.053 Thread 0x000000000023f260 Thread added: 0x000000000023f260
Event: 0.087 Thread 0x000000001e7c9010 Thread added: 0x000000001e7c9010
Event: 0.088 Thread 0x000000001e7c9c00 Thread added: 0x000000001e7c9c00
Event: 0.089 Thread 0x000000001e7ca7f0 Thread added: 0x000000001e7ca7f0
Event: 0.089 Thread 0x000000001e7ce850 Thread added: 0x000000001e7ce850
Event: 0.089 Thread 0x000000002156e390 Thread added: 0x000000002156e390
Event: 0.090 Thread 0x000000002156ecc0 Thread added: 0x000000002156ecc0
Event: 0.090 Thread 0x000000002156f920 Thread added: 0x000000002156f920
Event: 0.090 Thread 0x0000000021572ad0 Thread added: 0x0000000021572ad0
Event: 0.091 Thread 0x000000002158b410 Thread added: 0x000000002158b410
Event: 0.370 Thread 0x00000000267326d0 Thread added: 0x00000000267326d0
Event: 0.572 Thread 0x00000000268436a0 Thread added: 0x00000000268436a0
Event: 0.749 Thread 0x000000002687fbe0 Thread added: 0x000000002687fbe0
Event: 0.750 Thread 0x000000002689c130 Thread added: 0x000000002689c130
Event: 2.053 Thread 0x00000000268436a0 Thread exited: 0x00000000268436a0
Event: 3.749 Thread 0x0000000027dec410 Thread added: 0x0000000027dec410
Event: 3.819 Thread 0x0000000027dec410 Thread exited: 0x0000000027dec410
Event: 4.267 Thread 0x0000000028078a00 Thread added: 0x0000000028078a00
Event: 4.832 Thread 0x0000000027f26810 Thread added: 0x0000000027f26810
Event: 5.057 Thread 0x0000000027f26810 Thread exited: 0x0000000027f26810


Dynamic libraries:
0x000000013f5f0000 - 0x000000013f600000 	C:\Program Files\Java\jdk-19\bin\java.exe
0x0000000076e40000 - 0x0000000076fdf000 	C:\Windows\SYSTEM32\ntdll.dll
0x0000000076c20000 - 0x0000000076d40000 	C:\Windows\system32\kernel32.dll
0x000007fefca20000 - 0x000007fefca87000 	C:\Windows\system32\KERNELBASE.dll
0x000007fef8c00000 - 0x000007fef8c18000 	C:\Program Files\Java\jdk-19\bin\jli.dll
0x000007fefefb0000 - 0x000007feff08b000 	C:\Windows\system32\ADVAPI32.dll
0x000007feff090000 - 0x000007feff12f000 	C:\Windows\system32\msvcrt.dll
0x000007fefe0f0000 - 0x000007fefe10f000 	C:\Windows\SYSTEM32\sechost.dll
0x000007fefe220000 - 0x000007fefe34c000 	C:\Windows\system32\RPCRT4.dll
0x000007fefb360000 - 0x000007fefb555000 	C:\Windows\WinSxS\amd64_microsoft.windows.common-controls_6595b64144ccf1df_6.0.7601.24483_none_e372d88f30fbb845\COMCTL32.dll
0x000007fefe8e0000 - 0x000007fefe948000 	C:\Windows\system32\GDI32.dll
0x0000000076d40000 - 0x0000000076e3b000 	C:\Windows\system32\USER32.dll
0x000007fefed90000 - 0x000007fefed9e000 	C:\Windows\system32\LPK.dll
0x000007fefe020000 - 0x000007fefe0eb000 	C:\Windows\system32\USP10.dll
0x000007fefe110000 - 0x000007fefe181000 	C:\Windows\system32\SHLWAPI.dll
0x000007fefc490000 - 0x000007fefc49c000 	C:\Windows\system32\VERSION.dll
0x000007fef8b10000 - 0x000007fef8b2b000 	C:\Program Files\Java\jdk-19\bin\VCRUNTIME140.dll
0x000007fef8b00000 - 0x000007fef8b04000 	C:\Program Files\Java\jdk-19\bin\api-ms-win-crt-runtime-l1-1-0.dll
0x000007fef8a00000 - 0x000007fef8b00000 	C:\Program Files\Java\jdk-19\bin\ucrtbase.DLL
0x000007fef89f0000 - 0x000007fef89f3000 	C:\Program Files\Java\jdk-19\bin\api-ms-win-core-localization-l1-2-0.dll
0x000007fef89e0000 - 0x000007fef89e3000 	C:\Program Files\Java\jdk-19\bin\api-ms-win-core-processthreads-l1-1-1.dll
0x000007fef89d0000 - 0x000007fef89d3000 	C:\Program Files\Java\jdk-19\bin\api-ms-win-core-file-l1-2-0.dll
0x000007fef89c0000 - 0x000007fef89c3000 	C:\Program Files\Java\jdk-19\bin\api-ms-win-core-timezone-l1-1-0.dll
0x000007fef89b0000 - 0x000007fef89b3000 	C:\Program Files\Java\jdk-19\bin\api-ms-win-core-file-l2-1-0.dll
0x000007fef89a0000 - 0x000007fef89a3000 	C:\Program Files\Java\jdk-19\bin\api-ms-win-core-synch-l1-2-0.dll
0x000007fef8990000 - 0x000007fef8993000 	C:\Program Files\Java\jdk-19\bin\api-ms-win-crt-heap-l1-1-0.dll
0x000007fef8980000 - 0x000007fef8984000 	C:\Program Files\Java\jdk-19\bin\api-ms-win-crt-string-l1-1-0.dll
0x000007fef8970000 - 0x000007fef8974000 	C:\Program Files\Java\jdk-19\bin\api-ms-win-crt-stdio-l1-1-0.dll
0x000007fef8960000 - 0x000007fef8964000 	C:\Program Files\Java\jdk-19\bin\api-ms-win-crt-convert-l1-1-0.dll
0x000007fef8950000 - 0x000007fef8953000 	C:\Program Files\Java\jdk-19\bin\api-ms-win-crt-environment-l1-1-0.dll
0x000007fef6100000 - 0x000007fef6103000 	C:\Program Files\Java\jdk-19\bin\api-ms-win-crt-filesystem-l1-1-0.dll
0x000007fef60f0000 - 0x000007fef60f5000 	C:\Program Files\Java\jdk-19\bin\api-ms-win-crt-math-l1-1-0.dll
0x000007fef52b0000 - 0x000007fef52b3000 	C:\Program Files\Java\jdk-19\bin\api-ms-win-crt-locale-l1-1-0.dll
0x000007fefe190000 - 0x000007fefe1be000 	C:\Windows\system32\IMM32.DLL
0x000007fefce10000 - 0x000007fefcf1b000 	C:\Windows\system32\MSCTF.dll
0x00000000732c0000 - 0x00000000732cc000 	C:\??\C:\Program Files (x86)\360\Total Security\safemon\SafeWrapper.dll
0x000007fef51e0000 - 0x000007fef5272000 	C:\Program Files (x86)\360\Total Security\safemon\libzdtp64.dll
0x000007fefd290000 - 0x000007fefe01b000 	C:\Windows\system32\SHELL32.dll
0x000007fef52a0000 - 0x000007fef52ac000 	C:\Program Files\Java\jdk-19\bin\vcruntime140_1.dll
0x000007fed01f0000 - 0x000007fed027e000 	C:\Program Files\Java\jdk-19\bin\msvcp140.dll
0x000007fef5290000 - 0x000007fef5293000 	C:\Program Files\Java\jdk-19\bin\api-ms-win-crt-time-l1-1-0.dll
0x000007fef5280000 - 0x000007fef5283000 	C:\Program Files\Java\jdk-19\bin\api-ms-win-crt-utility-l1-1-0.dll
0x000007fecf250000 - 0x000007fecff10000 	C:\Program Files\Java\jdk-19\bin\server\jvm.dll
0x000007fef5a30000 - 0x000007fef5a39000 	C:\Windows\system32\WSOCK32.dll
0x000007fefe1c0000 - 0x000007fefe20d000 	C:\Windows\system32\WS2_32.dll
0x000007fefe210000 - 0x000007fefe218000 	C:\Windows\system32\NSI.dll
0x000007fef5e80000 - 0x000007fef5ebb000 	C:\Windows\system32\WINMM.dll
0x000007fef51b0000 - 0x000007fef51ba000 	C:\Program Files\Java\jdk-19\bin\jimage.dll
0x000007fef5680000 - 0x000007fef57a5000 	C:\Windows\system32\DBGHELP.DLL
0x000007fef68f0000 - 0x000007fef68fe000 	C:\Program Files\Java\jdk-19\bin\instrument.dll
0x000007fef5180000 - 0x000007fef51a6000 	C:\Program Files\Java\jdk-19\bin\java.dll
0x000007fecf170000 - 0x000007fecf247000 	C:\Program Files\Java\jdk-19\bin\jsvml.dll
0x000007fefeb90000 - 0x000007fefed90000 	C:\Windows\system32\ole32.dll
0x000007fefc990000 - 0x000007fefc99f000 	C:\Windows\system32\profapi.dll
0x000007fed67c0000 - 0x000007fed67d8000 	C:\Program Files\Java\jdk-19\bin\zip.dll
0x000007fed6800000 - 0x000007fed6813000 	C:\Program Files\Java\jdk-19\bin\net.dll
0x000007fef55f0000 - 0x000007fef5661000 	C:\Windows\system32\WINHTTP.dll
0x000007fef5560000 - 0x000007fef55c5000 	C:\Windows\system32\webio.dll
0x000007fefc060000 - 0x000007fefc0b5000 	C:\Windows\system32\mswsock.dll
0x000007fefbab0000 - 0x000007fefbab7000 	C:\Windows\System32\wshtcpip.dll
0x000007fefc050000 - 0x000007fefc057000 	C:\Windows\System32\wship6.dll
0x000007fed67e0000 - 0x000007fed67f6000 	C:\Program Files\Java\jdk-19\bin\nio.dll
0x000007fef51c0000 - 0x000007fef51da000 	C:\Program Files\JetBrains\IntelliJ IDEA Community Edition 2022.2.3\bin\breakgen64.dll
0x000007fedfa90000 - 0x000007fedfa98000 	C:\Program Files\Java\jdk-19\bin\extnet.dll
0x000007fed66e0000 - 0x000007fed66f0000 	C:\Program Files\Java\jdk-19\bin\verify.dll
0x000007fed6be0000 - 0x000007fed6bea000 	C:\Program Files\Java\jdk-19\bin\management.dll
0x000007fed6bd0000 - 0x000007fed6bdb000 	C:\Program Files\Java\jdk-19\bin\management_ext.dll
0x0000000076ff0000 - 0x0000000076ff7000 	C:\Windows\system32\PSAPI.DLL
0x000007fefa6a0000 - 0x000007fefa6b5000 	C:\Windows\system32\NLAapi.dll
0x000007fedfaa0000 - 0x000007fedfab5000 	C:\Windows\system32\napinsp.dll
0x000007fede9e0000 - 0x000007fede9f9000 	C:\Windows\system32\pnrpnsp.dll
0x000007fefbed0000 - 0x000007fefbf2b000 	C:\Windows\system32\DNSAPI.dll
0x000007fedfad0000 - 0x000007fedfadb000 	C:\Windows\System32\winrnr.dll
0x000000005a0d0000 - 0x000000005a0fe000 	C:\Program Files\Common Files\Microsoft Shared\Windows Live\WLIDNSP.DLL
0x000000005a050000 - 0x000000005a05a000 	C:\Program Files\National Instruments\Shared\mDNS Responder\nimdnsNSP.dll
0x000000005a040000 - 0x000000005a050000 	C:\Windows\system32\nimdnsResponder.dll
0x000007fef9fb0000 - 0x000007fef9fd7000 	C:\Windows\system32\Iphlpapi.DLL
0x000007fef9fa0000 - 0x000007fef9fab000 	C:\Windows\system32\WINNSI.DLL
0x000007fee2540000 - 0x000007fee2548000 	C:\Windows\system32\rasadhlp.dll
0x000007fef77f0000 - 0x000007fef7843000 	C:\Windows\System32\fwpuclnt.dll

dbghelp: loaded successfully - version: 4.0.5 - missing functions: none
symbol engine: initialized successfully - sym options: 0x614 - pdb path: .;C:\Program Files\Java\jdk-19\bin;C:\Windows\SYSTEM32;C:\Windows\WinSxS\amd64_microsoft.windows.common-controls_6595b64144ccf1df_6.0.7601.24483_none_e372d88f30fbb845;C:\??\C:\Program Files (x86)\360\Total Security\safemon;C:\Program Files (x86)\360\Total Security\safemon;C:\Program Files\Java\jdk-19\bin\server;C:\Program Files\JetBrains\IntelliJ IDEA Community Edition 2022.2.3\bin;C:\Program Files\Common Files\Microsoft Shared\Windows Live;C:\Program Files\National Instruments\Shared\mDNS Responder

VM Arguments:
jvm_args: -javaagent:C:\Program Files\JetBrains\IntelliJ IDEA Community Edition 2022.2.3\lib\idea_rt.jar=53754:C:\Program Files\JetBrains\IntelliJ IDEA Community Edition 2022.2.3\bin -Dfile.encoding=UTF-8 -Dsun.stdout.encoding=UTF-8 -Dsun.stderr.encoding=UTF-8 
java_command: io.proj3ct.KriptoKilkaBot.KriptoKilkaBotApplication
java_class_path (initial): C:\Users\User\Downloads\KriptoKilkaBot\target\classes;C:\Users\User\Downloads\apache-maven-3.8.6\maven-repository-metadata\src\test\java\org\apache\maven\artifact\repository\org\telegram\telegrambots\5.6.0\telegrambots-5.6.0.jar;C:\Users\User\Downloads\apache-maven-3.8.6\maven-repository-metadata\src\test\java\org\apache\maven\artifact\repository\org\telegram\telegrambots-meta\5.6.0\telegrambots-meta-5.6.0.jar;C:\Users\User\Downloads\apache-maven-3.8.6\maven-repository-metadata\src\test\java\org\apache\maven\artifact\repository\com\google\guava\guava\30.0-jre\guava-30.0-jre.jar;C:\Users\User\Downloads\apache-maven-3.8.6\maven-repository-metadata\src\test\java\org\apache\maven\artifact\repository\com\google\guava\failureaccess\1.0.1\failureaccess-1.0.1.jar;C:\Users\User\Downloads\apache-maven-3.8.6\maven-repository-metadata\src\test\java\org\apache\maven\artifact\repository\com\google\guava\listenablefuture\9999.0-empty-to-avoid-conflict-with-guava\listenablefuture-9999.0-empty-to-avoid-conflict-with-guava.jar;C:\Users\User\Downloads\apache-maven-3.8.6\maven-repository-metadata\src\test\java\org\apache\maven\artifact\repository\com\google\code\findbugs\jsr305\3.0.2\jsr305-3.0.2.jar;C:\Users\User\Downloads\apache-maven-3.8.6\maven-repository-metadata\src\test\java\org\apache\maven\artifact\repository\org\checkerframework\checker-qual\3.5.0\checker-qual-3.5.0.jar;C:\Users\User\Downloads\apache-maven-3.8.6\maven-repository-metadata\src\test\java\org\apache\maven\artifact\repository\com\google\errorprone\error_prone_annotations\2.3.4\error_prone_annotations-2.3.4.jar;C:\Users\User\Downloads\apache-maven-3.8.6\maven-repository-metadata\src\test\java\org\apache\maven\artifact\repository\com\google\j2objc\j2objc-annotations\1.3\j2objc-annotations-1.3.jar;C:\Users\User\Downloads\apache-maven-3.8.6\maven-repository-metadata\src\test\java\org\apache\maven\artifact\repository\com\fasterxml\jackson\core\jackson-annotations\2.13.4\jackson-annotations-2.13.4.jar;C:\Users\User\Downloads\apache-maven-3.8.6\maven-repository-metadata\src\test\java\org\apache\maven\artifact\repository\com\fasterxml\jackson\jaxrs\jackson-jaxrs-json-provider\2.13.4\jackson-jaxrs-json-provider-2.13.4.jar;C:\Users\User\Downloads\apache-maven-3.8.6\maven-repository-metadata\src\test\java\org\apache\maven\artifact\repository\com\fasterxml\jackson\jaxrs\jackson-jaxrs-base\2.13.4\jackson-jaxrs-base-2.13.4.jar;C:\Users\User\Downloads\apache-maven-3.8.6\maven-repository-metadata\src\test\java\org\apache\maven\artifact\repository\com\fasterxml\jackson\module\jackson-module-jaxb-annotations\2.13.4\jackson-module-jaxb-annotations-2.13.4.jar;C:\Users\User\Downloads\apache-maven-3.8.6\maven-repository-metadata\src\test\java\org\apache\maven\artifact\repository\com\fasterxml\jackson\core\jackson-core\2.13.4\jackson-core-2.13.4.jar;C:\Users\User\Downloads\apache-maven-3.8.6\maven-repository-metadata\src\test\java\org\apache\maven\artifact\repository\jakarta\activation\jakarta.activation-api\1.2.2\jakarta.activation-api-1.2.2.jar;C:\Users\User\Downloads\apache-maven-3.8.6\maven-repository-metadata\src\test\java\org\apache\maven\artifact\repository\com\fasterxml\jackson\core\jackson-databind\2.13.4.2\jackson-databind-2.13.4.2.jar;C:\Users\User\Downloads\apache-maven-3.8.6\maven-repository-metadata\src\test\java\org\apache\maven\artifact\repository\org\glassfish\jersey\inject\jersey-hk2\2.35\jersey-hk2-2.35.jar;C:\Users\User\Downloads\apache-maven-3.8.6\maven-repository-metadata\src\test\java\org\apache\maven\artifact\repository\org\glassfish\jersey\core\jersey-common\2.35\jersey-common-2.35.jar;C:\Users\User\Downloads\apache-maven-3.8.6\maven-repository-metadata\src\test\java\org\apache\maven\artifact\repository\org\glassfish\hk2\osgi-resource-locator\1.0.3\osgi-resource-locator-1.0.3.jar;C:\Users\User\Downloads\apache-maven-3.8.6\maven-repository-metadata\src\test\java\org\apache\maven\artifact\repository\org\glassfish\hk2\hk2-locator\2.6.1\hk2-locator-2.6.1.jar;C:\Users\User\Downloads\apache-maven-3.8.6\maven-repository-metadata\src\test\java\org\apache\maven\artifact\repository\org\glassfish\hk2\external\aopalliance-repackaged\2.6.1\aopalliance-repackaged-2.6.1.jar;C:\Users\User\Downloads\apache-maven-3.8.6\maven-repository-metadata\src\test\java\org\apache\maven\artifact\repository\org\glassfish\hk2\hk2-api\2.6.1\hk2-api-2.6.1.jar;C:\Users\User\Downloads\apache-maven-3.8.6\maven-repository-metadata\src\test\java\org\apache\maven\artifact\repository\org\glassfish\hk2\hk2-utils\2.6.1\hk2-utils-2.6.1.jar;C:\Users\User\Downloads\apache-maven-3.8.6\maven-repository-metadata\src\test\java\org\apache\maven\artifact\repository\org\javassist\javassist\3.25.0-GA\javassist-3.25.0-GA.jar;C:\Users\User\Downloads\apache-maven-3.8.6\maven-repository-metadata\src\test\java\org\apache\maven\artifact\repository\org\glassfish\jersey\media\jersey-media-json-jackson\2.35\jersey-media-json-jackson-2.35.jar;C:\Users\User\Downloads\apache-maven-3.8.6\maven-repository-metadata\src\test\java\org\apache\maven\artifact\repository\org\glassfish\jersey\ext\jersey-entity-filtering\2.35\jersey-entity-filtering-2.35.jar;C:\Users\User\Downloads\apache-maven-3.8.6\maven-repository-metadata\src\test\java\org\apache\maven\artifact\repository\org\glassfish\jersey\containers\jersey-container-grizzly2-http\2.35\jersey-container-grizzly2-http-2.35.jar;C:\Users\User\Downloads\apache-maven-3.8.6\maven-repository-metadata\src\test\java\org\apache\maven\artifact\repository\org\glassfish\hk2\external\jakarta.inject\2.6.1\jakarta.inject-2.6.1.jar;C:\Users\User\Downloads\apache-maven-3.8.6\maven-repository-metadata\src\test\java\org\apache\maven\artifact\repository\org\glassfish\grizzly\grizzly-http-server\2.4.4\grizzly-http-server-2.4.4.jar;C:\Users\User\Downloads\apache-maven-3.8.6\maven-repository-metadata\src\test\java\org\apache\maven\artifact\repository\org\glassfish\grizzly\grizzly-http\2.4.4\grizzly-http-2.4.4.jar;C:\Users\User\Downloads\apache-maven-3.8.6\maven-repository-metadata\src\test\java\org\apache\maven\artifact\repository\org\glassfish\grizzly\grizzly-framework\2.4.4\grizzly-framework-2.4.4.jar;C:\Users\User\Downloads\apache-maven-3.8.6\maven-repository-metadata\src\test\java\org\apache\maven\artifact\repository\jakarta\ws\rs\jakarta.ws.rs-api\2.1.6\jakarta.ws.rs-api-2.1.6.jar;C:\Users\User\Downloads\apache-maven-3.8.6\maven-repository-metadata\src\test\java\org\apache\maven\artifact\repository\org\glassfish\jersey\core\jersey-server\2.35\jersey-server-2.35.jar;C:\Users\User\Downloads\apache-maven-3.8.6\maven-repository-metadata\src\test\java\org\apache\maven\artifact\repository\org\glassfish\jersey\core\jersey-client\2.35\jersey-client-2.35.jar;C:\Users\User\Downloads\apache-maven-3.8.6\maven-repository-metadata\src\test\java\org\apache\maven\artifact\repository\jakarta\validation\jakarta.validation-api\2.0.2\jakarta.validation-api-2.0.2.jar;C:\Users\User\Downloads\apache-maven-3.8.6\maven-repository-metadata\src\test\java\org\apache\maven\artifact\repository\org\json\json\20180813\json-20180813.jar;C:\Users\User\Downloads\apache-maven-3.8.6\maven-repository-metadata\src\test\java\org\apache\maven\artifact\repository\org\apache\httpcomponents\httpclient\4.5.13\httpclient-4.5.13.jar;C:\Users\User\Downloads\apache-maven-3.8.6\maven-repository-metadata\src\test\java\org\apache\maven\artifact\repository\org\apache\httpcomponents\httpcore\4.4.15\httpcore-4.4.15.jar;C:\Users\User\Downloads\apache-maven-3.8.6\maven-repository-metadata\src\test\java\org\apache\maven\artifact\repository\commons-codec\commons-codec\1.15\commons-codec-1.15.jar;C:\Users\User\Downloads\apache-maven-3.8.6\maven-repository-metadata\src\test\java\org\apache\maven\artifact\repository\org\apache\httpcomponents\httpmime\4.5.13\httpmime-4.5.13.jar;C:\Users\User\Downloads\apache-maven-3.8.6\maven-repository-metadata\src\test\java\org\apache\maven\artifact\repository\commons-io\commons-io\2.8.0\commons-io-2.8.0.jar;C:\Users\User\Downloads\apache-maven-3.8.6\maven-repository-metadata\src\test\java\org\apache\maven\artifact\repository\org\slf4j\slf4j-api\1.7.36\slf4j-api-1.7.36.jar;C:\Users\User\Downloads\apache-maven-3.8.6\maven-repository-metadata\src\test\java\org\apache\maven\artifact\repository\org\springframework\boot\spring-boot-starter\2.7.6\spring-boot-starter-2.7.6.jar;C:\Users\User\Downloads\apache-maven-3.8.6\maven-repository-metadata\src\test\java\org\apache\maven\artifact\repository\org\springframework\boot\spring-boot\2.7.6\spring-boot-2.7.6.jar;C:\Users\User\Downloads\apache-maven-3.8.6\maven-repository-metadata\src\test\java\org\apache\maven\artifact\repository\org\springframework\spring-context\5.3.24\spring-context-5.3.24.jar;C:\Users\User\Downloads\apache-maven-3.8.6\maven-repository-metadata\src\test\java\org\apache\maven\artifact\repository\org\springframework\spring-aop\5.3.24\spring-aop-5.3.24.jar;C:\Users\User\Downloads\apache-maven-3.8.6\maven-repository-metadata\src\test\java\org\apache\maven\artifact\repository\org\springframework\spring-beans\5.3.24\spring-beans-5.3.24.jar;C:\Users\User\Downloads\apache-maven-3.8.6\maven-repository-metadata\src\test\java\org\apache\maven\artifact\repository\org\springframework\spring-expression\5.3.24\spring-expression-5.3.24.jar;C:\Users\User\Downloads\apache-maven-3.8.6\maven-repository-metadata\src\test\java\org\apache\maven\artifact\repository\org\springframework\boot\spring-boot-autoconfigure\2.7.6\spring-boot-autoconfigure-2.7.6.jar;C:\Users\User\Downloads\apache-maven-3.8.6\maven-repository-metadata\src\test\java\org\apache\maven\artifact\repository\org\springframework\boot\spring-boot-starter-logging\2.7.6\spring-boot-starter-logging-2.7.6.jar;C:\Users\User\Downloads\apache-maven-3.8.6\maven-repository-metadata\src\test\java\org\apache\maven\artifact\repository\ch\qos\logback\logback-classic\1.2.11\logback-classic-1.2.11.jar;C:\Users\User\Downloads\apache-maven-3.8.6\maven-repository-metadata\src\test\java\org\apache\maven\artifact\repository\ch\qos\logback\logback-core\1.2.11\logback-core-1.2.11.jar;C:\Users\User\Downloads\apache-maven-3.8.6\maven-repository-metadata\src\test\java\org\apache\maven\artifact\repository\org\apache\logging\log4j\log4j-to-slf4j\2.17.2\log4j-to-slf4j-2.17.2.jar;C:\Users\User\Downloads\apache-maven-3.8.6\maven-repository-metadata\src\test\java\org\apache\maven\artifact\repository\org\apache\logging\log4j\log4j-api\2.17.2\log4j-api-2.17.2.jar;C:\Users\User\Downloads\apache-maven-3.8.6\maven-repository-metadata\src\test\java\org\apache\maven\artifact\repository\org\slf4j\jul-to-slf4j\1.7.36\jul-to-slf4j-1.7.36.jar;C:\Users\User\Downloads\apache-maven-3.8.6\maven-repository-metadata\src\test\java\org\apache\maven\artifact\repository\jakarta\annotation\jakarta.annotation-api\1.3.5\jakarta.annotation-api-1.3.5.jar;C:\Users\User\Downloads\apache-maven-3.8.6\maven-repository-metadata\src\test\java\org\apache\maven\artifact\repository\org\springframework\spring-core\5.3.24\spring-core-5.3.24.jar;C:\Users\User\Downloads\apache-maven-3.8.6\maven-repository-metadata\src\test\java\org\apache\maven\artifact\repository\org\springframework\spring-jcl\5.3.24\spring-jcl-5.3.24.jar;C:\Users\User\Downloads\apache-maven-3.8.6\maven-repository-metadata\src\test\java\org\apache\maven\artifact\repository\org\yaml\snakeyaml\1.30\snakeyaml-1.30.jar;C:\Users\User\Downloads\apache-maven-3.8.6\maven-repository-metadata\src\test\java\org\apache\maven\artifact\repository\org\jsoup\jsoup\1.14.3\jsoup-1.14.3.jar;C:\Users\User\Downloads\apache-maven-3.8.6\maven-repository-metadata\src\test\java\org\apache\maven\artifact\repository\jakarta\xml\bind\jakarta.xml.bind-api\2.3.3\jakarta.xml.bind-api-2.3.3.jar;C:\Users\User\Downloads\apache-maven-3.8.6\maven-repository-metadata\src\test\java\org\apache\maven\artifact\repository\org\projectlombok\lombok\1.18.24\lombok-1.18.24.jar
Launcher Type: SUN_STANDARD

[Global flags]
     intx CICompilerCount                          = 3                                         {product} {ergonomic}
     uint ConcGCThreads                            = 1                                         {product} {ergonomic}
     uint G1ConcRefinementThreads                  = 4                                         {product} {ergonomic}
   size_t G1HeapRegionSize                         = 1048576                                   {product} {ergonomic}
    uintx GCDrainStackTargetSize                   = 64                                        {product} {ergonomic}
   size_t InitialHeapSize                          = 134217728                                 {product} {ergonomic}
   size_t MarkStackSize                            = 4194304                                   {product} {ergonomic}
   size_t MaxHeapSize                              = 2128609280                                {product} {ergonomic}
   size_t MaxNewSize                               = 1277165568                                {product} {ergonomic}
   size_t MinHeapDeltaBytes                        = 1048576                                   {product} {ergonomic}
   size_t MinHeapSize                              = 8388608                                   {product} {ergonomic}
    uintx NonNMethodCodeHeapSize                   = 5832780                                {pd product} {ergonomic}
    uintx NonProfiledCodeHeapSize                  = 122912730                              {pd product} {ergonomic}
    uintx ProfiledCodeHeapSize                     = 122912730                              {pd product} {ergonomic}
    uintx ReservedCodeCacheSize                    = 251658240                              {pd product} {ergonomic}
     bool SegmentedCodeCache                       = true                                      {product} {ergonomic}
   size_t SoftMaxHeapSize                          = 2128609280                             {manageable} {ergonomic}
     bool UseCompressedClassPointers               = true                           {product lp64_product} {ergonomic}
     bool UseCompressedOops                        = true                           {product lp64_product} {ergonomic}
     bool UseG1GC                                  = true                                      {product} {ergonomic}
     bool UseLargePagesIndividualAllocation        = false                                  {pd product} {ergonomic}

Logging:
Log output configuration:
 #0: stdout all=warning uptime,level,tags foldmultilines=false
 #1: stderr all=off uptime,level,tags foldmultilines=false

Environment Variables:
PATH=C:\Program Files\Common Files\Oracle\Java\javapath;C:\Program Files\Common Files\Microsoft Shared\Windows Live;C:\Windows\system32;C:\Windows;C:\Windows\System32\Wbem;C:\Windows\System32\WindowsPowerShell\v1.0\;C:\Program Files (x86)\National Instruments\Shared\LabVIEW CLI;C:\Program Files\Git\cmd;C:\Program Files\Common Files\Microsoft Shared\Windows Live
USERNAME=User
OS=Windows_NT
PROCESSOR_IDENTIFIER=Intel64 Family 6 Model 61 Stepping 4, GenuineIntel
TMP=C:\Users\User\AppData\Local\Temp
TEMP=C:\Users\User\AppData\Local\Temp



---------------  S Y S T E M  ---------------

OS:
 Windows 7 , 64 bit Build 7601 (6.1.7601.24565)
OS uptime: 0 days 1:18 hours

CPU: total 4 (initial active 4) (2 cores per cpu, 2 threads per core) family 6 model 61 stepping 4 microcode 0x0, cx8, cmov, fxsr, ht, mmx, 3dnowpref, sse, sse2, sse3, ssse3, sse4.1, sse4.2, popcnt, lzcnt, tsc, tscinvbit, erms, clmul, clflush, rdtscp

Memory: 4k page, system-wide physical 8112M (772M free)
TotalPageFile size 10158M (AvailPageFile size 4M)
current process WorkingSet (physical memory assigned to process): 100M, peak: 100M
current process commit charge ("private bytes"): 240M, peak: 241M

vm_info: Java HotSpot(TM) 64-Bit Server VM (19.0.1+10-21) for windows-amd64 JRE (19.0.1+10-21), built on 2022-09-14T12:45:06Z by "mach5one" with MS VC++ 17.1 (VS2022)

END.
